<?xml version="1.0" encoding="UTF-8"?>
<coverage generated="1751606019675" clover="3.2.0">
  <project timestamp="1751606019675" name="All files">
    <metrics statements="377" coveredstatements="372" conditionals="193" coveredconditionals="164" methods="81" coveredmethods="80" elements="651" coveredelements="616" complexity="0" loc="377" ncloc="377" packages="5" files="9" classes="9"/>
    <package name="common">
      <metrics statements="117" coveredstatements="115" conditionals="51" coveredconditionals="45" methods="31" coveredmethods="31"/>
      <file name="DeletePopup.tsx" path="E:\NoteTakingTs\frontend\frontend\src\common\DeletePopup.tsx">
        <metrics statements="11" coveredstatements="11" conditionals="2" coveredconditionals="2" methods="3" coveredmethods="3"/>
        <line num="2" count="2" type="stmt"/>
        <line num="3" count="2" type="stmt"/>
        <line num="4" count="2" type="stmt"/>
        <line num="11" count="2" type="stmt"/>
        <line num="12" count="4" type="stmt"/>
        <line num="14" count="4" type="stmt"/>
        <line num="15" count="3" type="stmt"/>
        <line num="24" count="3" type="cond" truecount="2" falsecount="0"/>
        <line num="25" count="2" type="stmt"/>
        <line num="30" count="4" type="stmt"/>
        <line num="42" count="2" type="stmt"/>
      </file>
      <file name="SearchNote.tsx" path="E:\NoteTakingTs\frontend\frontend\src\common\SearchNote.tsx">
        <metrics statements="5" coveredstatements="5" conditionals="0" coveredconditionals="0" methods="2" coveredmethods="2"/>
        <line num="2" count="2" type="stmt"/>
        <line num="11" count="2" type="stmt"/>
        <line num="12" count="3" type="stmt"/>
        <line num="20" count="1" type="stmt"/>
        <line num="27" count="2" type="stmt"/>
      </file>
      <file name="customUndoRedo.ts" path="E:\NoteTakingTs\frontend\frontend\src\common\customUndoRedo.ts">
        <metrics statements="72" coveredstatements="70" conditionals="38" coveredconditionals="32" methods="14" coveredmethods="14"/>
        <line num="7" count="3" type="stmt"/>
        <line num="10" count="3" type="stmt"/>
        <line num="11" count="3" type="stmt"/>
        <line num="12" count="3" type="stmt"/>
        <line num="13" count="17" type="stmt"/>
        <line num="15" count="3" type="stmt"/>
        <line num="16" count="119" type="stmt"/>
        <line num="21" count="3" type="stmt"/>
        <line num="22" count="3" type="stmt"/>
        <line num="23" count="2" type="stmt"/>
        <line num="25" count="3" type="stmt"/>
        <line num="26" count="17" type="cond" truecount="1" falsecount="1"/>
        <line num="28" count="17" type="cond" truecount="1" falsecount="1"/>
        <line num="29" count="0" type="stmt"/>
        <line num="30" count="0" type="stmt"/>
        <line num="33" count="17" type="cond" truecount="2" falsecount="0"/>
        <line num="34" count="14" type="stmt"/>
        <line num="40" count="3" type="stmt"/>
        <line num="41" count="3" type="stmt"/>
        <line num="46" count="3" type="cond" truecount="2" falsecount="0"/>
        <line num="47" count="2" type="stmt"/>
        <line num="53" count="1" type="stmt"/>
        <line num="58" count="3" type="stmt"/>
        <line num="59" count="61" type="cond" truecount="2" falsecount="0"/>
        <line num="60" count="1" type="stmt"/>
        <line num="63" count="60" type="cond" truecount="2" falsecount="0"/>
        <line num="65" count="60" type="stmt"/>
        <line num="66" count="57" type="stmt"/>
        <line num="67" count="57" type="cond" truecount="2" falsecount="0"/>
        <line num="68" count="1" type="stmt"/>
        <line num="71" count="56" type="stmt"/>
        <line num="72" count="56" type="stmt"/>
        <line num="74" count="56" type="cond" truecount="4" falsecount="0"/>
        <line num="75" count="54" type="stmt"/>
        <line num="76" count="54" type="stmt"/>
        <line num="78" count="54" type="cond" truecount="2" falsecount="0"/>
        <line num="80" count="54" type="stmt"/>
        <line num="85" count="3" type="stmt"/>
        <line num="86" count="4" type="stmt"/>
        <line num="87" count="4" type="cond" truecount="4" falsecount="0"/>
        <line num="88" count="2" type="stmt"/>
        <line num="91" count="2" type="stmt"/>
        <line num="92" count="2" type="stmt"/>
        <line num="94" count="2" type="stmt"/>
        <line num="95" count="2" type="cond" truecount="1" falsecount="1"/>
        <line num="97" count="2" type="stmt"/>
        <line num="98" count="2" type="cond" truecount="1" falsecount="1"/>
        <line num="99" count="2" type="stmt"/>
        <line num="100" count="2" type="stmt"/>
        <line num="101" count="2" type="stmt"/>
        <line num="104" count="2" type="stmt"/>
        <line num="105" count="2" type="stmt"/>
        <line num="108" count="3" type="stmt"/>
        <line num="109" count="3" type="stmt"/>
        <line num="110" count="3" type="cond" truecount="4" falsecount="0"/>
        <line num="111" count="2" type="stmt"/>
        <line num="114" count="1" type="stmt"/>
        <line num="116" count="1" type="stmt"/>
        <line num="117" count="1" type="cond" truecount="1" falsecount="1"/>
        <line num="118" count="1" type="stmt"/>
        <line num="119" count="1" type="stmt"/>
        <line num="120" count="1" type="stmt"/>
        <line num="122" count="1" type="stmt"/>
        <line num="123" count="1" type="stmt"/>
        <line num="124" count="1" type="stmt"/>
        <line num="128" count="1" type="stmt"/>
        <line num="129" count="1" type="stmt"/>
        <line num="132" count="3" type="stmt"/>
        <line num="133" count="17" type="stmt"/>
        <line num="134" count="17" type="cond" truecount="2" falsecount="0"/>
        <line num="135" count="8" type="stmt"/>
        <line num="136" count="8" type="stmt"/>
      </file>
      <file name="editorInitConfig.ts" path="E:\NoteTakingTs\frontend\frontend\src\common\editorInitConfig.ts">
        <metrics statements="29" coveredstatements="29" conditionals="11" coveredconditionals="11" methods="12" coveredmethods="12"/>
        <line num="1" count="3" type="stmt"/>
        <line num="10" count="51" type="stmt"/>
        <line num="50" count="4" type="stmt"/>
        <line num="51" count="4" type="stmt"/>
        <line num="53" count="4" type="stmt"/>
        <line num="61" count="3" type="cond" truecount="2" falsecount="0"/>
        <line num="62" count="1" type="stmt"/>
        <line num="64" count="2" type="stmt"/>
        <line num="67" count="2" type="cond" truecount="4" falsecount="0"/>
        <line num="68" count="1" type="stmt"/>
        <line num="70" count="1" type="stmt"/>
        <line num="74" count="3" type="stmt"/>
        <line num="75" count="3" type="stmt"/>
        <line num="79" count="2" type="stmt"/>
        <line num="80" count="1" type="stmt"/>
        <line num="82" count="2" type="stmt"/>
        <line num="83" count="1" type="stmt"/>
        <line num="85" count="2" type="stmt"/>
        <line num="89" count="3" type="cond" truecount="5" falsecount="0"/>
        <line num="90" count="1" type="stmt"/>
        <line num="91" count="1" type="stmt"/>
        <line num="92" count="1" type="stmt"/>
        <line num="93" count="1" type="stmt"/>
        <line num="107" count="2" type="stmt"/>
        <line num="110" count="1" type="stmt"/>
        <line num="112" count="2" type="stmt"/>
        <line num="115" count="1" type="stmt"/>
        <line num="118" count="2" type="stmt"/>
        <line num="119" count="1" type="stmt"/>
      </file>
    </package>
    <package name="components">
      <metrics statements="38" coveredstatements="38" conditionals="16" coveredconditionals="16" methods="11" coveredmethods="11"/>
      <file name="Sidebar.tsx" path="E:\NoteTakingTs\frontend\frontend\src\components\Sidebar.tsx">
        <metrics statements="38" coveredstatements="38" conditionals="16" coveredconditionals="16" methods="11" coveredmethods="11"/>
        <line num="1" count="2" type="stmt"/>
        <line num="2" count="2" type="stmt"/>
        <line num="3" count="2" type="stmt"/>
        <line num="4" count="2" type="stmt"/>
        <line num="5" count="2" type="stmt"/>
        <line num="6" count="2" type="stmt"/>
        <line num="8" count="2" type="stmt"/>
        <line num="18" count="2" type="stmt"/>
        <line num="25" count="43" type="stmt"/>
        <line num="26" count="43" type="stmt"/>
        <line num="28" count="43" type="stmt"/>
        <line num="29" count="43" type="stmt"/>
        <line num="30" count="43" type="stmt"/>
        <line num="39" count="43" type="stmt"/>
        <line num="40" count="20" type="stmt"/>
        <line num="42" count="1" type="stmt"/>
        <line num="45" count="20" type="cond" truecount="2" falsecount="0"/>
        <line num="46" count="17" type="stmt"/>
        <line num="48" count="3" type="stmt"/>
        <line num="49" count="3" type="stmt"/>
        <line num="52" count="3" type="stmt"/>
        <line num="54" count="3" type="cond" truecount="2" falsecount="0"/>
        <line num="55" count="2" type="stmt"/>
        <line num="61" count="2" type="stmt"/>
        <line num="62" count="2" type="cond" truecount="2" falsecount="0"/>
        <line num="63" count="1" type="stmt"/>
        <line num="64" count="1" type="stmt"/>
        <line num="65" count="1" type="stmt"/>
        <line num="67" count="1" type="stmt"/>
        <line num="71" count="43" type="stmt"/>
        <line num="72" count="1" type="stmt"/>
        <line num="76" count="31" type="stmt"/>
        <line num="80" count="31" type="stmt"/>
        <line num="83" count="43" type="stmt"/>
        <line num="134" count="31" type="stmt"/>
        <line num="135" count="2" type="stmt"/>
        <line num="176" count="1" type="stmt"/>
        <line num="204" count="2" type="stmt"/>
      </file>
    </package>
    <package name="editor">
      <metrics statements="80" coveredstatements="78" conditionals="52" coveredconditionals="40" methods="13" coveredmethods="13"/>
      <file name="NoteEditor.tsx" path="E:\NoteTakingTs\frontend\frontend\src\editor\NoteEditor.tsx">
        <metrics statements="80" coveredstatements="78" conditionals="52" coveredconditionals="40" methods="13" coveredmethods="13"/>
        <line num="1" count="2" type="stmt"/>
        <line num="2" count="2" type="stmt"/>
        <line num="3" count="2" type="stmt"/>
        <line num="4" count="2" type="stmt"/>
        <line num="7" count="2" type="stmt"/>
        <line num="9" count="2" type="stmt"/>
        <line num="17" count="2" type="stmt"/>
        <line num="22" count="45" type="stmt"/>
        <line num="23" count="45" type="stmt"/>
        <line num="24" count="45" type="stmt"/>
        <line num="25" count="45" type="stmt"/>
        <line num="27" count="45" type="cond" truecount="2" falsecount="0"/>
        <line num="28" count="45" type="cond" truecount="2" falsecount="0"/>
        <line num="29" count="45" type="stmt"/>
        <line num="30" count="45" type="stmt"/>
        <line num="32" count="45" type="cond" truecount="1" falsecount="1"/>
        <line num="34" count="45" type="stmt"/>
        <line num="35" count="19" type="stmt"/>
        <line num="36" count="19" type="stmt"/>
        <line num="38" count="19" type="cond" truecount="2" falsecount="0"/>
        <line num="39" count="1" type="stmt"/>
        <line num="40" count="1" type="stmt"/>
        <line num="43" count="19" type="cond" truecount="2" falsecount="0"/>
        <line num="44" count="19" type="cond" truecount="2" falsecount="0"/>
        <line num="45" count="19" type="stmt"/>
        <line num="46" count="19" type="cond" truecount="2" falsecount="0"/>
        <line num="47" count="17" type="cond" truecount="2" falsecount="0"/>
        <line num="49" count="17" type="cond" truecount="2" falsecount="0"/>
        <line num="50" count="15" type="stmt"/>
        <line num="53" count="17" type="stmt"/>
        <line num="54" count="17" type="stmt"/>
        <line num="55" count="17" type="stmt"/>
        <line num="57" count="2" type="cond" truecount="1" falsecount="1"/>
        <line num="61" count="45" type="stmt"/>
        <line num="62" count="6" type="stmt"/>
        <line num="69" count="45" type="stmt"/>
        <line num="70" count="3" type="stmt"/>
        <line num="71" count="3" type="cond" truecount="1" falsecount="1"/>
        <line num="74" count="45" type="stmt"/>
        <line num="75" count="6" type="cond" truecount="1" falsecount="1"/>
        <line num="77" count="6" type="stmt"/>
        <line num="78" count="3" type="cond" truecount="1" falsecount="1"/>
        <line num="80" count="3" type="stmt"/>
        <line num="85" count="3" type="stmt"/>
        <line num="86" count="3" type="cond" truecount="1" falsecount="1"/>
        <line num="89" count="3" type="cond" truecount="2" falsecount="2"/>
        <line num="93" count="3" type="cond" truecount="1" falsecount="1"/>
        <line num="95" count="3" type="cond" truecount="3" falsecount="1"/>
        <line num="101" count="3" type="stmt"/>
        <line num="102" count="3" type="stmt"/>
        <line num="104" count="3" type="stmt"/>
        <line num="111" count="3" type="stmt"/>
        <line num="112" count="2" type="stmt"/>
        <line num="113" count="2" type="stmt"/>
        <line num="115" count="1" type="stmt"/>
        <line num="121" count="45" type="stmt"/>
        <line num="122" count="27" type="cond" truecount="2" falsecount="0"/>
        <line num="123" count="6" type="stmt"/>
        <line num="126" count="27" type="stmt"/>
        <line num="127" count="27" type="cond" truecount="2" falsecount="0"/>
        <line num="131" count="45" type="stmt"/>
        <line num="132" count="15" type="stmt"/>
        <line num="133" count="15" type="stmt"/>
        <line num="135" count="15" type="stmt"/>
        <line num="136" count="30" type="stmt"/>
        <line num="142" count="15" type="stmt"/>
        <line num="143" count="15" type="stmt"/>
        <line num="145" count="15" type="cond" truecount="3" falsecount="1"/>
        <line num="146" count="0" type="stmt"/>
        <line num="147" count="0" type="stmt"/>
        <line num="151" count="45" type="stmt"/>
        <line num="152" count="15" type="stmt"/>
        <line num="154" count="15" type="cond" truecount="2" falsecount="0"/>
        <line num="155" count="15" type="stmt"/>
        <line num="156" count="15" type="stmt"/>
        <line num="159" count="45" type="stmt"/>
        <line num="161" count="45" type="stmt"/>
        <line num="171" count="5" type="stmt"/>
        <line num="172" count="5" type="stmt"/>
        <line num="226" count="2" type="stmt"/>
      </file>
    </package>
    <package name="hooks">
      <metrics statements="53" coveredstatements="52" conditionals="39" coveredconditionals="28" methods="13" coveredmethods="13"/>
      <file name="useNoteHandlers.ts" path="E:\NoteTakingTs\frontend\frontend\src\hooks\useNoteHandlers.ts">
        <metrics statements="53" coveredstatements="52" conditionals="39" coveredconditionals="28" methods="13" coveredmethods="13"/>
        <line num="1" count="1" type="stmt"/>
        <line num="2" count="1" type="stmt"/>
        <line num="3" count="1" type="stmt"/>
        <line num="4" count="1" type="stmt"/>
        <line num="5" count="1" type="stmt"/>
        <line num="6" count="1" type="stmt"/>
        <line num="11" count="1" type="stmt"/>
        <line num="12" count="31" type="cond" truecount="0" falsecount="1"/>
        <line num="13" count="31" type="stmt"/>
        <line num="14" count="31" type="stmt"/>
        <line num="15" count="31" type="stmt"/>
        <line num="16" count="31" type="stmt"/>
        <line num="17" count="31" type="stmt"/>
        <line num="19" count="31" type="stmt"/>
        <line num="20" count="15" type="stmt"/>
        <line num="21" count="15" type="cond" truecount="1" falsecount="1"/>
        <line num="22" count="15" type="stmt"/>
        <line num="23" count="15" type="stmt"/>
        <line num="27" count="31" type="stmt"/>
        <line num="28" count="16" type="cond" truecount="4" falsecount="0"/>
        <line num="29" count="11" type="stmt"/>
        <line num="30" count="11" type="stmt"/>
        <line num="33" count="7" type="cond" truecount="2" falsecount="0"/>
        <line num="34" count="5" type="stmt"/>
        <line num="36" count="2" type="stmt"/>
        <line num="39" count="5" type="cond" truecount="4" falsecount="0"/>
        <line num="40" count="4" type="cond" truecount="1" falsecount="1"/>
        <line num="42" count="1" type="stmt"/>
        <line num="43" count="1" type="cond" truecount="1" falsecount="1"/>
        <line num="44" count="0" type="cond" truecount="0" falsecount="2"/>
        <line num="45" count="1" type="cond" truecount="1" falsecount="1"/>
        <line num="49" count="1" type="stmt"/>
        <line num="54" count="31" type="stmt"/>
        <line num="55" count="2" type="cond" truecount="1" falsecount="1"/>
        <line num="56" count="2" type="stmt"/>
        <line num="58" count="1" type="stmt"/>
        <line num="59" count="1" type="cond" truecount="1" falsecount="1"/>
        <line num="65" count="31" type="stmt"/>
        <line num="66" count="3" type="cond" truecount="4" falsecount="0"/>
        <line num="67" count="1" type="stmt"/>
        <line num="70" count="2" type="cond" truecount="2" falsecount="0"/>
        <line num="71" count="1" type="stmt"/>
        <line num="80" count="1" type="stmt"/>
        <line num="88" count="31" type="stmt"/>
        <line num="89" count="4" type="stmt"/>
        <line num="90" count="4" type="cond" truecount="2" falsecount="0"/>
        <line num="93" count="31" type="stmt"/>
        <line num="94" count="2" type="stmt"/>
        <line num="102" count="2" type="stmt"/>
        <line num="103" count="2" type="cond" truecount="2" falsecount="0"/>
        <line num="106" count="31" type="stmt"/>
        <line num="107" count="31" type="stmt"/>
        <line num="109" count="31" type="stmt"/>
      </file>
    </package>
    <package name="pages">
      <metrics statements="89" coveredstatements="89" conditionals="35" coveredconditionals="35" methods="13" coveredmethods="12"/>
      <file name="NoteLayout.tsx" path="E:\NoteTakingTs\frontend\frontend\src\pages\NoteLayout.tsx">
        <metrics statements="10" coveredstatements="10" conditionals="12" coveredconditionals="12" methods="1" coveredmethods="1"/>
        <line num="2" count="1" type="stmt"/>
        <line num="3" count="1" type="stmt"/>
        <line num="4" count="1" type="stmt"/>
        <line num="5" count="1" type="stmt"/>
        <line num="6" count="1" type="stmt"/>
        <line num="8" count="1" type="stmt"/>
        <line num="9" count="5" type="stmt"/>
        <line num="21" count="5" type="stmt"/>
        <line num="23" count="5" type="stmt"/>
        <line num="95" count="1" type="stmt"/>
      </file>
      <file name="NotePDFExporter.tsx" path="E:\NoteTakingTs\frontend\frontend\src\pages\NotePDFExporter.tsx">
        <metrics statements="79" coveredstatements="79" conditionals="23" coveredconditionals="23" methods="12" coveredmethods="11"/>
        <line num="1" count="3" type="stmt"/>
        <line num="2" count="3" type="stmt"/>
        <line num="3" count="3" type="stmt"/>
        <line num="9" count="3" type="stmt"/>
        <line num="13" count="60" type="stmt"/>
        <line num="15" count="60" type="stmt"/>
        <line num="16" count="6" type="cond" truecount="2" falsecount="0"/>
        <line num="17" count="1" type="stmt"/>
        <line num="18" count="1" type="stmt"/>
        <line num="19" count="1" type="stmt"/>
        <line num="22" count="5" type="stmt"/>
        <line num="23" count="5" type="stmt"/>
        <line num="25" count="5" type="stmt"/>
        <line num="26" count="5" type="cond" truecount="2" falsecount="0"/>
        <line num="27" count="5" type="stmt"/>
        <line num="29" count="5" type="stmt"/>
        <line num="30" count="5" type="stmt"/>
        <line num="34" count="5" type="stmt"/>
        <line num="35" count="5" type="stmt"/>
        <line num="36" count="5" type="stmt"/>
        <line num="37" count="5" type="stmt"/>
        <line num="39" count="5" type="stmt"/>
        <line num="41" count="5" type="stmt"/>
        <line num="42" count="5" type="stmt"/>
        <line num="43" count="5" type="stmt"/>
        <line num="45" count="5" type="stmt"/>
        <line num="46" count="5" type="stmt"/>
        <line num="47" count="5" type="cond" truecount="2" falsecount="0"/>
        <line num="48" count="4" type="stmt"/>
        <line num="49" count="4" type="stmt"/>
        <line num="50" count="4" type="stmt"/>
        <line num="52" count="4" type="cond" truecount="2" falsecount="0"/>
        <line num="53" count="1" type="stmt"/>
        <line num="54" count="1" type="stmt"/>
        <line num="57" count="4" type="stmt"/>
        <line num="58" count="4" type="stmt"/>
        <line num="60" count="4" type="stmt"/>
        <line num="61" count="4" type="stmt"/>
        <line num="62" count="4" type="stmt"/>
        <line num="63" count="4" type="stmt"/>
        <line num="64" count="4" type="stmt"/>
        <line num="72" count="5" type="cond" truecount="2" falsecount="0"/>
        <line num="73" count="5" type="stmt"/>
        <line num="76" count="60" type="stmt"/>
        <line num="77" count="5" type="stmt"/>
        <line num="78" count="5" type="stmt"/>
        <line num="79" count="4" type="stmt"/>
        <line num="80" count="4" type="stmt"/>
        <line num="81" count="4" type="stmt"/>
        <line num="82" count="4" type="stmt"/>
        <line num="83" count="4" type="stmt"/>
        <line num="84" count="4" type="stmt"/>
        <line num="87" count="1" type="stmt"/>
        <line num="88" count="1" type="stmt"/>
        <line num="92" count="60" type="stmt"/>
        <line num="93" count="5" type="cond" truecount="2" falsecount="0"/>
        <line num="94" count="4" type="stmt"/>
        <line num="95" count="4" type="stmt"/>
        <line num="96" count="4" type="stmt"/>
        <line num="98" count="4" type="cond" truecount="3" falsecount="0"/>
        <line num="99" count="4" type="stmt"/>
        <line num="100" count="4" type="cond" truecount="2" falsecount="0"/>
        <line num="102" count="4" type="cond" truecount="2" falsecount="0"/>
        <line num="103" count="2" type="stmt"/>
        <line num="104" count="2" type="stmt"/>
        <line num="105" count="2" type="stmt"/>
        <line num="109" count="4" type="stmt"/>
        <line num="114" count="1" type="stmt"/>
        <line num="117" count="1" type="stmt"/>
        <line num="119" count="5" type="stmt"/>
        <line num="122" count="60" type="stmt"/>
        <line num="131" count="60" type="stmt"/>
        <line num="135" count="11" type="stmt"/>
        <line num="136" count="11" type="stmt"/>
        <line num="147" count="6" type="stmt"/>
        <line num="148" count="6" type="stmt"/>
        <line num="156" count="5" type="stmt"/>
        <line num="157" count="5" type="stmt"/>
        <line num="169" count="3" type="stmt"/>
      </file>
    </package>
  </project>
</coverage>
