{"E:\\NoteTakingTs\\frontend\\frontend\\src\\common\\DeletePopup.tsx": {"path":"E:\\NoteTakingTs\\frontend\\frontend\\src\\common\\DeletePopup.tsx","statementMap":{"0":{"start":{"line":2,"column":0},"end":{"line":2,"column":31}},"1":{"start":{"line":3,"column":0},"end":{"line":3,"column":57}},"2":{"start":{"line":4,"column":0},"end":{"line":4,"column":38}},"3":{"start":{"line":11,"column":48},"end":{"line":40,"column":1}},"4":{"start":{"line":12,"column":17},"end":{"line":12,"column":39}},"5":{"start":{"line":14,"column":23},"end":{"line":28,"column":3}},"6":{"start":{"line":15,"column":4},"end":{"line":27,"column":7}},"7":{"start":{"line":24,"column":6},"end":{"line":26,"column":7}},"8":{"start":{"line":25,"column":8},"end":{"line":25,"column":19}},"9":{"start":{"line":30,"column":2},"end":{"line":39,"column":4}},"10":{"start":{"line":42,"column":0},"end":{"line":42,"column":27}}},"fnMap":{"0":{"name":"(anonymous_1)","decl":{"start":{"line":11,"column":48},"end":{"line":11,"column":49}},"loc":{"start":{"line":11,"column":65},"end":{"line":40,"column":1}}},"1":{"name":"(anonymous_2)","decl":{"start":{"line":14,"column":23},"end":{"line":14,"column":26}},"loc":{"start":{"line":14,"column":28},"end":{"line":28,"column":3}}},"2":{"name":"(anonymous_3)","decl":{"start":{"line":23,"column":12},"end":{"line":23,"column":13}},"loc":{"start":{"line":23,"column":23},"end":{"line":27,"column":5}}}},"branchMap":{"0":{"loc":{"start":{"line":24,"column":6},"end":{"line":26,"column":7}},"type":"if","locations":[{"start":{"line":24,"column":6},"end":{"line":26,"column":7}},{"start":{},"end":{}}]}},"s":{"0":2,"1":2,"2":2,"3":2,"4":4,"5":4,"6":3,"7":3,"8":2,"9":4,"10":2},"f":{"0":4,"1":3,"2":3},"b":{"0":[2,1]}}
,"E:\\NoteTakingTs\\frontend\\frontend\\src\\common\\SearchNote.tsx": {"path":"E:\\NoteTakingTs\\frontend\\frontend\\src\\common\\SearchNote.tsx","statementMap":{"0":{"start":{"line":2,"column":0},"end":{"line":2,"column":38}},"1":{"start":{"line":11,"column":45},"end":{"line":25,"column":1}},"2":{"start":{"line":12,"column":2},"end":{"line":24,"column":4}},"3":{"start":{"line":20,"column":55},"end":{"line":20,"column":85}},"4":{"start":{"line":27,"column":0},"end":{"line":27,"column":26}}},"fnMap":{"0":{"name":"(anonymous_0)","decl":{"start":{"line":11,"column":45},"end":{"line":11,"column":46}},"loc":{"start":{"line":11,"column":95},"end":{"line":25,"column":1}}},"1":{"name":"(anonymous_1)","decl":{"start":{"line":20,"column":18},"end":{"line":20,"column":19}},"loc":{"start":{"line":20,"column":55},"end":{"line":20,"column":85}}}},"branchMap":{},"s":{"0":2,"1":2,"2":3,"3":1,"4":2},"f":{"0":3,"1":1},"b":{}}
,"E:\\NoteTakingTs\\frontend\\frontend\\src\\common\\customUndoRedo.ts": {"path":"E:\\NoteTakingTs\\frontend\\frontend\\src\\common\\customUndoRedo.ts","statementMap":{"0":{"start":{"line":7,"column":13},"end":{"line":7,"column":52}},"1":{"start":{"line":10,"column":13},"end":{"line":10,"column":70}},"2":{"start":{"line":11,"column":26},"end":{"line":11,"column":31}},"3":{"start":{"line":12,"column":35},"end":{"line":14,"column":1}},"4":{"start":{"line":13,"column":2},"end":{"line":13,"column":28}},"5":{"start":{"line":12,"column":13},"end":{"line":12,"column":35}},"6":{"start":{"line":15,"column":25},"end":{"line":19,"column":11}},"7":{"start":{"line":16,"column":2},"end":{"line":19,"column":11}},"8":{"start":{"line":15,"column":13},"end":{"line":15,"column":25}},"9":{"start":{"line":21,"column":22},"end":{"line":21,"column":70}},"10":{"start":{"line":21,"column":39},"end":{"line":21,"column":70}},"11":{"start":{"line":22,"column":25},"end":{"line":23,"column":43}},"12":{"start":{"line":23,"column":2},"end":{"line":23,"column":43}},"13":{"start":{"line":25,"column":28},"end":{"line":56,"column":1}},"14":{"start":{"line":26,"column":18},"end":{"line":26,"column":38}},"15":{"start":{"line":28,"column":2},"end":{"line":31,"column":3}},"16":{"start":{"line":29,"column":4},"end":{"line":29,"column":40}},"17":{"start":{"line":30,"column":4},"end":{"line":30,"column":32}},"18":{"start":{"line":33,"column":2},"end":{"line":55,"column":3}},"19":{"start":{"line":34,"column":4},"end":{"line":38,"column":6}},"20":{"start":{"line":40,"column":23},"end":{"line":40,"column":41}},"21":{"start":{"line":41,"column":24},"end":{"line":43,"column":null}},"22":{"start":{"line":46,"column":4},"end":{"line":54,"column":5}},"23":{"start":{"line":47,"column":6},"end":{"line":51,"column":8}},"24":{"start":{"line":53,"column":6},"end":{"line":53,"column":52}},"25":{"start":{"line":25,"column":13},"end":{"line":25,"column":28}},"26":{"start":{"line":58,"column":28},"end":{"line":83,"column":1}},"27":{"start":{"line":59,"column":2},"end":{"line":61,"column":3}},"28":{"start":{"line":60,"column":4},"end":{"line":60,"column":11}},"29":{"start":{"line":63,"column":2},"end":{"line":63,"column":64}},"30":{"start":{"line":63,"column":28},"end":{"line":63,"column":64}},"31":{"start":{"line":65,"column":2},"end":{"line":82,"column":11}},"32":{"start":{"line":66,"column":18},"end":{"line":66,"column":36}},"33":{"start":{"line":67,"column":4},"end":{"line":69,"column":5}},"34":{"start":{"line":68,"column":6},"end":{"line":68,"column":13}},"35":{"start":{"line":71,"column":30},"end":{"line":71,"column":48}},"36":{"start":{"line":72,"column":27},"end":{"line":72,"column":60}},"37":{"start":{"line":74,"column":4},"end":{"line":81,"column":5}},"38":{"start":{"line":75,"column":6},"end":{"line":75,"column":36}},"39":{"start":{"line":76,"column":6},"end":{"line":76,"column":39}},"40":{"start":{"line":78,"column":6},"end":{"line":78,"column":63}},"41":{"start":{"line":78,"column":39},"end":{"line":78,"column":63}},"42":{"start":{"line":80,"column":6},"end":{"line":80,"column":27}},"43":{"start":{"line":58,"column":13},"end":{"line":58,"column":28}},"44":{"start":{"line":85,"column":26},"end":{"line":106,"column":1}},"45":{"start":{"line":86,"column":16},"end":{"line":86,"column":34}},"46":{"start":{"line":87,"column":2},"end":{"line":89,"column":3}},"47":{"start":{"line":88,"column":4},"end":{"line":88,"column":17}},"48":{"start":{"line":91,"column":2},"end":{"line":91,"column":29}},"49":{"start":{"line":92,"column":19},"end":{"line":92,"column":40}},"50":{"start":{"line":94,"column":18},"end":{"line":94,"column":39}},"51":{"start":{"line":95,"column":2},"end":{"line":95,"column":45}},"52":{"start":{"line":95,"column":15},"end":{"line":95,"column":45}},"53":{"start":{"line":97,"column":19},"end":{"line":97,"column":62}},"54":{"start":{"line":98,"column":2},"end":{"line":102,"column":3}},"55":{"start":{"line":99,"column":4},"end":{"line":99,"column":32}},"56":{"start":{"line":100,"column":4},"end":{"line":100,"column":38}},"57":{"start":{"line":101,"column":4},"end":{"line":101,"column":60}},"58":{"start":{"line":101,"column":21},"end":{"line":101,"column":55}},"59":{"start":{"line":104,"column":2},"end":{"line":104,"column":55}},"60":{"start":{"line":104,"column":20},"end":{"line":104,"column":47}},"61":{"start":{"line":105,"column":2},"end":{"line":105,"column":14}},"62":{"start":{"line":85,"column":13},"end":{"line":85,"column":26}},"63":{"start":{"line":108,"column":26},"end":{"line":130,"column":1}},"64":{"start":{"line":109,"column":16},"end":{"line":109,"column":34}},"65":{"start":{"line":110,"column":2},"end":{"line":112,"column":3}},"66":{"start":{"line":111,"column":4},"end":{"line":111,"column":17}},"67":{"start":{"line":114,"column":2},"end":{"line":114,"column":29}},"68":{"start":{"line":116,"column":22},"end":{"line":116,"column":43}},"69":{"start":{"line":117,"column":2},"end":{"line":126,"column":3}},"70":{"start":{"line":118,"column":4},"end":{"line":118,"column":38}},"71":{"start":{"line":119,"column":4},"end":{"line":119,"column":35}},"72":{"start":{"line":120,"column":4},"end":{"line":120,"column":41}},"73":{"start":{"line":122,"column":4},"end":{"line":125,"column":10}},"74":{"start":{"line":123,"column":6},"end":{"line":123,"column":54}},"75":{"start":{"line":124,"column":6},"end":{"line":124,"column":39}},"76":{"start":{"line":128,"column":2},"end":{"line":128,"column":55}},"77":{"start":{"line":128,"column":20},"end":{"line":128,"column":47}},"78":{"start":{"line":129,"column":2},"end":{"line":129,"column":14}},"79":{"start":{"line":108,"column":13},"end":{"line":108,"column":26}},"80":{"start":{"line":132,"column":29},"end":{"line":138,"column":1}},"81":{"start":{"line":133,"column":2},"end":{"line":133,"column":28}},"82":{"start":{"line":134,"column":2},"end":{"line":137,"column":3}},"83":{"start":{"line":135,"column":4},"end":{"line":135,"column":40}},"84":{"start":{"line":136,"column":4},"end":{"line":136,"column":32}},"85":{"start":{"line":132,"column":13},"end":{"line":132,"column":29}}},"fnMap":{"0":{"name":"(anonymous_0)","decl":{"start":{"line":12,"column":35},"end":{"line":12,"column":36}},"loc":{"start":{"line":12,"column":52},"end":{"line":14,"column":1}}},"1":{"name":"(anonymous_1)","decl":{"start":{"line":15,"column":25},"end":{"line":15,"column":26}},"loc":{"start":{"line":16,"column":2},"end":{"line":19,"column":11}}},"2":{"name":"(anonymous_2)","decl":{"start":{"line":21,"column":22},"end":{"line":21,"column":23}},"loc":{"start":{"line":21,"column":39},"end":{"line":21,"column":70}}},"3":{"name":"(anonymous_3)","decl":{"start":{"line":22,"column":25},"end":{"line":22,"column":26}},"loc":{"start":{"line":23,"column":2},"end":{"line":23,"column":43}}},"4":{"name":"(anonymous_4)","decl":{"start":{"line":25,"column":28},"end":{"line":25,"column":29}},"loc":{"start":{"line":25,"column":71},"end":{"line":56,"column":1}}},"5":{"name":"(anonymous_5)","decl":{"start":{"line":58,"column":28},"end":{"line":58,"column":29}},"loc":{"start":{"line":58,"column":64},"end":{"line":83,"column":1}}},"6":{"name":"(anonymous_6)","decl":{"start":{"line":65,"column":36},"end":{"line":65,"column":39}},"loc":{"start":{"line":65,"column":41},"end":{"line":82,"column":3}}},"7":{"name":"(anonymous_7)","decl":{"start":{"line":85,"column":26},"end":{"line":85,"column":27}},"loc":{"start":{"line":85,"column":58},"end":{"line":106,"column":1}}},"8":{"name":"(anonymous_8)","decl":{"start":{"line":101,"column":15},"end":{"line":101,"column":18}},"loc":{"start":{"line":101,"column":21},"end":{"line":101,"column":55}}},"9":{"name":"(anonymous_9)","decl":{"start":{"line":104,"column":13},"end":{"line":104,"column":16}},"loc":{"start":{"line":104,"column":20},"end":{"line":104,"column":47}}},"10":{"name":"(anonymous_10)","decl":{"start":{"line":108,"column":26},"end":{"line":108,"column":27}},"loc":{"start":{"line":108,"column":58},"end":{"line":130,"column":1}}},"11":{"name":"(anonymous_11)","decl":{"start":{"line":122,"column":15},"end":{"line":122,"column":18}},"loc":{"start":{"line":122,"column":20},"end":{"line":125,"column":5}}},"12":{"name":"(anonymous_12)","decl":{"start":{"line":128,"column":13},"end":{"line":128,"column":16}},"loc":{"start":{"line":128,"column":20},"end":{"line":128,"column":47}}},"13":{"name":"(anonymous_13)","decl":{"start":{"line":132,"column":29},"end":{"line":132,"column":30}},"loc":{"start":{"line":132,"column":48},"end":{"line":138,"column":1}}}},"branchMap":{"0":{"loc":{"start":{"line":26,"column":18},"end":{"line":26,"column":38}},"type":"binary-expr","locations":[{"start":{"line":26,"column":18},"end":{"line":26,"column":32}},{"start":{"line":26,"column":36},"end":{"line":26,"column":38}}]},"1":{"loc":{"start":{"line":28,"column":2},"end":{"line":31,"column":3}},"type":"if","locations":[{"start":{"line":28,"column":2},"end":{"line":31,"column":3}},{"start":{},"end":{}}]},"2":{"loc":{"start":{"line":33,"column":2},"end":{"line":55,"column":3}},"type":"if","locations":[{"start":{"line":33,"column":2},"end":{"line":55,"column":3}},{"start":{"line":39,"column":9},"end":{"line":55,"column":3}}]},"3":{"loc":{"start":{"line":42,"column":6},"end":{"line":43,"column":10}},"type":"binary-expr","locations":[{"start":{"line":42,"column":6},"end":{"line":42,"column":75}},{"start":{"line":43,"column":8},"end":{"line":43,"column":10}}]},"4":{"loc":{"start":{"line":46,"column":4},"end":{"line":54,"column":5}},"type":"if","locations":[{"start":{"line":46,"column":4},"end":{"line":54,"column":5}},{"start":{"line":52,"column":11},"end":{"line":54,"column":5}}]},"5":{"loc":{"start":{"line":59,"column":2},"end":{"line":61,"column":3}},"type":"if","locations":[{"start":{"line":59,"column":2},"end":{"line":61,"column":3}},{"start":{},"end":{}}]},"6":{"loc":{"start":{"line":63,"column":2},"end":{"line":63,"column":64}},"type":"if","locations":[{"start":{"line":63,"column":2},"end":{"line":63,"column":64}},{"start":{},"end":{}}]},"7":{"loc":{"start":{"line":67,"column":4},"end":{"line":69,"column":5}},"type":"if","locations":[{"start":{"line":67,"column":4},"end":{"line":69,"column":5}},{"start":{},"end":{}}]},"8":{"loc":{"start":{"line":74,"column":4},"end":{"line":81,"column":5}},"type":"if","locations":[{"start":{"line":74,"column":4},"end":{"line":81,"column":5}},{"start":{},"end":{}}]},"9":{"loc":{"start":{"line":74,"column":8},"end":{"line":74,"column":72}},"type":"binary-expr","locations":[{"start":{"line":74,"column":8},"end":{"line":74,"column":44}},{"start":{"line":74,"column":48},"end":{"line":74,"column":72}}]},"10":{"loc":{"start":{"line":78,"column":6},"end":{"line":78,"column":63}},"type":"if","locations":[{"start":{"line":78,"column":6},"end":{"line":78,"column":63}},{"start":{},"end":{}}]},"11":{"loc":{"start":{"line":87,"column":2},"end":{"line":89,"column":3}},"type":"if","locations":[{"start":{"line":87,"column":2},"end":{"line":89,"column":3}},{"start":{},"end":{}}]},"12":{"loc":{"start":{"line":87,"column":6},"end":{"line":87,"column":43}},"type":"binary-expr","locations":[{"start":{"line":87,"column":6},"end":{"line":87,"column":12}},{"start":{"line":87,"column":16},"end":{"line":87,"column":43}}]},"13":{"loc":{"start":{"line":95,"column":2},"end":{"line":95,"column":45}},"type":"if","locations":[{"start":{"line":95,"column":2},"end":{"line":95,"column":45}},{"start":{},"end":{}}]},"14":{"loc":{"start":{"line":98,"column":2},"end":{"line":102,"column":3}},"type":"if","locations":[{"start":{"line":98,"column":2},"end":{"line":102,"column":3}},{"start":{},"end":{}}]},"15":{"loc":{"start":{"line":110,"column":2},"end":{"line":112,"column":3}},"type":"if","locations":[{"start":{"line":110,"column":2},"end":{"line":112,"column":3}},{"start":{},"end":{}}]},"16":{"loc":{"start":{"line":110,"column":6},"end":{"line":110,"column":44}},"type":"binary-expr","locations":[{"start":{"line":110,"column":6},"end":{"line":110,"column":12}},{"start":{"line":110,"column":16},"end":{"line":110,"column":44}}]},"17":{"loc":{"start":{"line":117,"column":2},"end":{"line":126,"column":3}},"type":"if","locations":[{"start":{"line":117,"column":2},"end":{"line":126,"column":3}},{"start":{},"end":{}}]},"18":{"loc":{"start":{"line":134,"column":2},"end":{"line":137,"column":3}},"type":"if","locations":[{"start":{"line":134,"column":2},"end":{"line":137,"column":3}},{"start":{},"end":{}}]}},"s":{"0":3,"1":3,"2":3,"3":3,"4":17,"5":3,"6":3,"7":119,"8":3,"9":3,"10":2,"11":3,"12":2,"13":3,"14":17,"15":17,"16":0,"17":0,"18":17,"19":14,"20":3,"21":3,"22":3,"23":2,"24":1,"25":3,"26":3,"27":61,"28":1,"29":60,"30":51,"31":60,"32":57,"33":57,"34":1,"35":56,"36":56,"37":56,"38":54,"39":54,"40":54,"41":2,"42":54,"43":3,"44":3,"45":4,"46":4,"47":2,"48":2,"49":2,"50":2,"51":2,"52":2,"53":2,"54":2,"55":2,"56":2,"57":2,"58":2,"59":2,"60":2,"61":2,"62":3,"63":3,"64":3,"65":3,"66":2,"67":1,"68":1,"69":1,"70":1,"71":1,"72":1,"73":1,"74":1,"75":1,"76":1,"77":1,"78":1,"79":3,"80":3,"81":17,"82":17,"83":8,"84":8,"85":3},"f":{"0":17,"1":119,"2":2,"3":2,"4":17,"5":61,"6":57,"7":4,"8":2,"9":2,"10":3,"11":1,"12":1,"13":17},"b":{"0":[17,0],"1":[0,17],"2":[14,3],"3":[3,0],"4":[2,1],"5":[1,60],"6":[51,9],"7":[1,56],"8":[54,2],"9":[56,55],"10":[2,52],"11":[2,2],"12":[4,3],"13":[2,0],"14":[2,0],"15":[2,1],"16":[3,2],"17":[1,0],"18":[8,9]}}
,"E:\\NoteTakingTs\\frontend\\frontend\\src\\common\\editorInitConfig.ts": {"path":"E:\\NoteTakingTs\\frontend\\frontend\\src\\common\\editorInitConfig.ts","statementMap":{"0":{"start":{"line":1,"column":0},"end":{"line":1,"column":58}},"1":{"start":{"line":10,"column":32},"end":{"line":181,"column":2}},"2":{"start":{"line":10,"column":50},"end":{"line":181,"column":2}},"3":{"start":{"line":50,"column":21},"end":{"line":50,"column":35}},"4":{"start":{"line":51,"column":4},"end":{"line":51,"column":67}},"5":{"start":{"line":53,"column":4},"end":{"line":76,"column":9}},"6":{"start":{"line":61,"column":8},"end":{"line":63,"column":9}},"7":{"start":{"line":62,"column":10},"end":{"line":62,"column":57}},"8":{"start":{"line":64,"column":8},"end":{"line":64,"column":31}},"9":{"start":{"line":67,"column":8},"end":{"line":71,"column":9}},"10":{"start":{"line":68,"column":10},"end":{"line":68,"column":31}},"11":{"start":{"line":70,"column":10},"end":{"line":70,"column":52}},"12":{"start":{"line":74,"column":8},"end":{"line":74,"column":29}},"13":{"start":{"line":75,"column":8},"end":{"line":75,"column":65}},"14":{"start":{"line":79,"column":4},"end":{"line":81,"column":7}},"15":{"start":{"line":80,"column":6},"end":{"line":80,"column":33}},"16":{"start":{"line":82,"column":4},"end":{"line":84,"column":7}},"17":{"start":{"line":83,"column":6},"end":{"line":83,"column":33}},"18":{"start":{"line":85,"column":4},"end":{"line":106,"column":7}},"19":{"start":{"line":89,"column":6},"end":{"line":94,"column":7}},"20":{"start":{"line":90,"column":8},"end":{"line":90,"column":27}},"21":{"start":{"line":91,"column":8},"end":{"line":91,"column":28}},"22":{"start":{"line":92,"column":8},"end":{"line":92,"column":34}},"23":{"start":{"line":93,"column":8},"end":{"line":93,"column":21}},"24":{"start":{"line":107,"column":4},"end":{"line":111,"column":7}},"25":{"start":{"line":110,"column":22},"end":{"line":110,"column":48}},"26":{"start":{"line":112,"column":4},"end":{"line":116,"column":7}},"27":{"start":{"line":115,"column":22},"end":{"line":115,"column":48}},"28":{"start":{"line":118,"column":4},"end":{"line":120,"column":7}},"29":{"start":{"line":119,"column":6},"end":{"line":119,"column":33}},"30":{"start":{"line":10,"column":13},"end":{"line":10,"column":32}}},"fnMap":{"0":{"name":"(anonymous_0)","decl":{"start":{"line":10,"column":32},"end":{"line":10,"column":33}},"loc":{"start":{"line":10,"column":50},"end":{"line":181,"column":2}}},"1":{"name":"(anonymous_1)","decl":{"start":{"line":49,"column":25},"end":{"line":49,"column":30}},"loc":{"start":{"line":49,"column":71},"end":{"line":77,"column":3}}},"2":{"name":"(anonymous_2)","decl":{"start":{"line":60,"column":12},"end":{"line":60,"column":13}},"loc":{"start":{"line":60,"column":35},"end":{"line":65,"column":7}}},"3":{"name":"(anonymous_3)","decl":{"start":{"line":66,"column":12},"end":{"line":66,"column":13}},"loc":{"start":{"line":66,"column":44},"end":{"line":72,"column":7}}},"4":{"name":"(anonymous_4)","decl":{"start":{"line":73,"column":13},"end":{"line":73,"column":14}},"loc":{"start":{"line":73,"column":30},"end":{"line":76,"column":7}}},"5":{"name":"(anonymous_5)","decl":{"start":{"line":78,"column":9},"end":{"line":78,"column":10}},"loc":{"start":{"line":78,"column":25},"end":{"line":121,"column":3}}},"6":{"name":"(anonymous_6)","decl":{"start":{"line":79,"column":36},"end":{"line":79,"column":39}},"loc":{"start":{"line":79,"column":41},"end":{"line":81,"column":5}}},"7":{"name":"(anonymous_7)","decl":{"start":{"line":82,"column":36},"end":{"line":82,"column":39}},"loc":{"start":{"line":82,"column":41},"end":{"line":84,"column":5}}},"8":{"name":"(anonymous_8)","decl":{"start":{"line":85,"column":25},"end":{"line":85,"column":26}},"loc":{"start":{"line":85,"column":46},"end":{"line":106,"column":5}}},"9":{"name":"(anonymous_9)","decl":{"start":{"line":110,"column":16},"end":{"line":110,"column":19}},"loc":{"start":{"line":110,"column":22},"end":{"line":110,"column":48}}},"10":{"name":"(anonymous_10)","decl":{"start":{"line":115,"column":16},"end":{"line":115,"column":19}},"loc":{"start":{"line":115,"column":22},"end":{"line":115,"column":48}}},"11":{"name":"(anonymous_11)","decl":{"start":{"line":118,"column":22},"end":{"line":118,"column":25}},"loc":{"start":{"line":118,"column":27},"end":{"line":120,"column":5}}}},"branchMap":{"0":{"loc":{"start":{"line":61,"column":8},"end":{"line":63,"column":9}},"type":"if","locations":[{"start":{"line":61,"column":8},"end":{"line":63,"column":9}},{"start":{},"end":{}}]},"1":{"loc":{"start":{"line":67,"column":8},"end":{"line":71,"column":9}},"type":"if","locations":[{"start":{"line":67,"column":8},"end":{"line":71,"column":9}},{"start":{"line":69,"column":15},"end":{"line":71,"column":9}}]},"2":{"loc":{"start":{"line":67,"column":12},"end":{"line":67,"column":33}},"type":"binary-expr","locations":[{"start":{"line":67,"column":12},"end":{"line":67,"column":16}},{"start":{"line":67,"column":20},"end":{"line":67,"column":33}}]},"3":{"loc":{"start":{"line":89,"column":6},"end":{"line":94,"column":7}},"type":"if","locations":[{"start":{"line":89,"column":6},"end":{"line":94,"column":7}},{"start":{},"end":{}}]},"4":{"loc":{"start":{"line":89,"column":10},"end":{"line":89,"column":67}},"type":"binary-expr","locations":[{"start":{"line":89,"column":10},"end":{"line":89,"column":21}},{"start":{"line":89,"column":25},"end":{"line":89,"column":52}},{"start":{"line":89,"column":56},"end":{"line":89,"column":67}}]}},"s":{"0":3,"1":3,"2":51,"3":4,"4":4,"5":4,"6":3,"7":1,"8":2,"9":2,"10":1,"11":1,"12":3,"13":3,"14":2,"15":1,"16":2,"17":1,"18":2,"19":3,"20":1,"21":1,"22":1,"23":1,"24":2,"25":1,"26":2,"27":1,"28":2,"29":1,"30":3},"f":{"0":51,"1":4,"2":3,"3":2,"4":3,"5":2,"6":1,"7":1,"8":3,"9":1,"10":1,"11":1},"b":{"0":[1,2],"1":[1,1],"2":[2,2],"3":[1,2],"4":[3,3,2]}}
,"E:\\NoteTakingTs\\frontend\\frontend\\src\\components\\Sidebar.tsx": {"path":"E:\\NoteTakingTs\\frontend\\frontend\\src\\components\\Sidebar.tsx","statementMap":{"0":{"start":{"line":1,"column":0},"end":{"line":1,"column":66}},"1":{"start":{"line":2,"column":0},"end":{"line":2,"column":50}},"2":{"start":{"line":3,"column":0},"end":{"line":3,"column":47}},"3":{"start":{"line":4,"column":0},"end":{"line":4,"column":48}},"4":{"start":{"line":5,"column":0},"end":{"line":5,"column":39}},"5":{"start":{"line":6,"column":0},"end":{"line":6,"column":46}},"6":{"start":{"line":8,"column":0},"end":{"line":8,"column":55}},"7":{"start":{"line":18,"column":40},"end":{"line":202,"column":1}},"8":{"start":{"line":25,"column":19},"end":{"line":25,"column":51}},"9":{"start":{"line":26,"column":19},"end":{"line":26,"column":32}},"10":{"start":{"line":28,"column":40},"end":{"line":28,"column":52}},"11":{"start":{"line":29,"column":44},"end":{"line":29,"column":59}},"12":{"start":{"line":30,"column":50},"end":{"line":30,"column":62}},"13":{"start":{"line":39,"column":2},"end":{"line":58,"column":27}},"14":{"start":{"line":40,"column":24},"end":{"line":42,"column":null}},"15":{"start":{"line":42,"column":8},"end":{"line":42,"column":73}},"16":{"start":{"line":45,"column":4},"end":{"line":57,"column":5}},"17":{"start":{"line":46,"column":6},"end":{"line":46,"column":36}},"18":{"start":{"line":48,"column":21},"end":{"line":49,"column":null}},"19":{"start":{"line":49,"column":8},"end":{"line":49,"column":68}},"20":{"start":{"line":52,"column":6},"end":{"line":52,"column":31}},"21":{"start":{"line":54,"column":6},"end":{"line":56,"column":7}},"22":{"start":{"line":55,"column":8},"end":{"line":55,"column":39}},"23":{"start":{"line":61,"column":22},"end":{"line":61,"column":74}},"24":{"start":{"line":62,"column":4},"end":{"line":68,"column":5}},"25":{"start":{"line":63,"column":6},"end":{"line":63,"column":39}},"26":{"start":{"line":64,"column":6},"end":{"line":64,"column":52}},"27":{"start":{"line":65,"column":6},"end":{"line":65,"column":20}},"28":{"start":{"line":67,"column":6},"end":{"line":67,"column":25}},"29":{"start":{"line":71,"column":23},"end":{"line":73,"column":3}},"30":{"start":{"line":72,"column":4},"end":{"line":72,"column":17}},"31":{"start":{"line":76,"column":21},"end":{"line":78,"column":null}},"32":{"start":{"line":80,"column":4},"end":{"line":80,"column":20}},"33":{"start":{"line":83,"column":2},"end":{"line":201,"column":4}},"34":{"start":{"line":134,"column":14},"end":{"line":136,"column":null}},"35":{"start":{"line":135,"column":31},"end":{"line":135,"column":48}},"36":{"start":{"line":176,"column":49},"end":{"line":176,"column":71}},"37":{"start":{"line":204,"column":0},"end":{"line":204,"column":23}}},"fnMap":{"0":{"name":"(anonymous_1)","decl":{"start":{"line":18,"column":40},"end":{"line":18,"column":41}},"loc":{"start":{"line":24,"column":5},"end":{"line":202,"column":1}}},"1":{"name":"handleKeyDown","decl":{"start":{"line":32,"column":11},"end":{"line":32,"column":24}},"loc":{"start":{"line":32,"column":59},"end":{"line":37,"column":3}}},"2":{"name":"(anonymous_3)","decl":{"start":{"line":39,"column":12},"end":{"line":39,"column":15}},"loc":{"start":{"line":39,"column":17},"end":{"line":58,"column":3}}},"3":{"name":"(anonymous_4)","decl":{"start":{"line":41,"column":6},"end":{"line":41,"column":7}},"loc":{"start":{"line":42,"column":8},"end":{"line":42,"column":73}}},"4":{"name":"(anonymous_5)","decl":{"start":{"line":48,"column":34},"end":{"line":48,"column":35}},"loc":{"start":{"line":49,"column":8},"end":{"line":49,"column":68}}},"5":{"name":"handleLogout","decl":{"start":{"line":60,"column":11},"end":{"line":60,"column":23}},"loc":{"start":{"line":60,"column":23},"end":{"line":69,"column":3}}},"6":{"name":"(anonymous_7)","decl":{"start":{"line":71,"column":23},"end":{"line":71,"column":24}},"loc":{"start":{"line":71,"column":35},"end":{"line":73,"column":3}}},"7":{"name":"getSidebarPreview","decl":{"start":{"line":75,"column":11},"end":{"line":75,"column":28}},"loc":{"start":{"line":75,"column":44},"end":{"line":81,"column":3}}},"8":{"name":"(anonymous_9)","decl":{"start":{"line":133,"column":30},"end":{"line":133,"column":31}},"loc":{"start":{"line":134,"column":14},"end":{"line":136,"column":null}}},"9":{"name":"(anonymous_10)","decl":{"start":{"line":135,"column":25},"end":{"line":135,"column":28}},"loc":{"start":{"line":135,"column":31},"end":{"line":135,"column":48}}},"10":{"name":"(anonymous_11)","decl":{"start":{"line":176,"column":43},"end":{"line":176,"column":46}},"loc":{"start":{"line":176,"column":49},"end":{"line":176,"column":71}}}},"branchMap":{"0":{"loc":{"start":{"line":45,"column":4},"end":{"line":57,"column":5}},"type":"if","locations":[{"start":{"line":45,"column":4},"end":{"line":57,"column":5}},{"start":{"line":47,"column":11},"end":{"line":57,"column":5}}]},"1":{"loc":{"start":{"line":54,"column":6},"end":{"line":56,"column":7}},"type":"if","locations":[{"start":{"line":54,"column":6},"end":{"line":56,"column":7}},{"start":{},"end":{}}]},"2":{"loc":{"start":{"line":62,"column":4},"end":{"line":68,"column":5}},"type":"if","locations":[{"start":{"line":62,"column":4},"end":{"line":68,"column":5}},{"start":{"line":66,"column":11},"end":{"line":68,"column":5}}]},"3":{"loc":{"start":{"line":120,"column":7},"end":{"line":127,"column":null}},"type":"binary-expr","locations":[{"start":{"line":120,"column":7},"end":{"line":120,"column":23}},{"start":{"line":121,"column":8},"end":{"line":126,"column":null}}]},"4":{"loc":{"start":{"line":132,"column":11},"end":{"line":196,"column":null}},"type":"cond-expr","locations":[{"start":{"line":133,"column":12},"end":{"line":187,"column":14}},{"start":{"line":189,"column":12},"end":{"line":195,"column":null}}]},"5":{"loc":{"start":{"line":139,"column":20},"end":{"line":141,"column":null}},"type":"cond-expr","locations":[{"start":{"line":140,"column":24},"end":{"line":140,"column":50}},{"start":{"line":141,"column":24},"end":{"line":141,"column":null}}]},"6":{"loc":{"start":{"line":139,"column":20},"end":{"line":139,"column":61}},"type":"binary-expr","locations":[{"start":{"line":139,"column":20},"end":{"line":139,"column":30}},{"start":{"line":139,"column":34},"end":{"line":139,"column":61}}]},"7":{"loc":{"start":{"line":171,"column":21},"end":{"line":172,"column":null}},"type":"binary-expr","locations":[{"start":{"line":171,"column":21},"end":{"line":171,"column":31}},{"start":{"line":172,"column":22},"end":{"line":172,"column":67}}]}},"s":{"0":2,"1":2,"2":2,"3":2,"4":2,"5":2,"6":2,"7":2,"8":43,"9":43,"10":43,"11":43,"12":43,"13":43,"14":20,"15":1,"16":20,"17":17,"18":3,"19":3,"20":3,"21":3,"22":2,"23":2,"24":2,"25":1,"26":1,"27":1,"28":1,"29":43,"30":1,"31":31,"32":31,"33":43,"34":31,"35":2,"36":1,"37":2},"f":{"0":43,"1":3,"2":20,"3":1,"4":3,"5":2,"6":1,"7":31,"8":31,"9":2,"10":1},"b":{"0":[17,3],"1":[2,1],"2":[1,1],"3":[43,31],"4":[29,14],"5":[29,2],"6":[31,31],"7":[31,2]}}
,"E:\\NoteTakingTs\\frontend\\frontend\\src\\editor\\NoteEditor.tsx": {"path":"E:\\NoteTakingTs\\frontend\\frontend\\src\\editor\\NoteEditor.tsx","statementMap":{"0":{"start":{"line":1,"column":0},"end":{"line":1,"column":72}},"1":{"start":{"line":2,"column":0},"end":{"line":2,"column":48}},"2":{"start":{"line":3,"column":0},"end":{"line":3,"column":52}},"3":{"start":{"line":4,"column":0},"end":{"line":4,"column":62}},"4":{"start":{"line":7,"column":0},"end":{"line":7,"column":39}},"5":{"start":{"line":9,"column":0},"end":{"line":9,"column":70}},"6":{"start":{"line":17,"column":46},"end":{"line":224,"column":1}},"7":{"start":{"line":22,"column":20},"end":{"line":22,"column":37}},"8":{"start":{"line":23,"column":22},"end":{"line":23,"column":57}},"9":{"start":{"line":24,"column":25},"end":{"line":24,"column":43}},"10":{"start":{"line":25,"column":24},"end":{"line":25,"column":50}},"11":{"start":{"line":27,"column":28},"end":{"line":27,"column":62}},"12":{"start":{"line":28,"column":32},"end":{"line":28,"column":68}},"13":{"start":{"line":29,"column":44},"end":{"line":29,"column":68}},"14":{"start":{"line":30,"column":34},"end":{"line":30,"column":49}},"15":{"start":{"line":32,"column":17},"end":{"line":32,"column":61}},"16":{"start":{"line":34,"column":2},"end":{"line":59,"column":21}},"17":{"start":{"line":35,"column":27},"end":{"line":35,"column":48}},"18":{"start":{"line":36,"column":26},"end":{"line":36,"column":32}},"19":{"start":{"line":38,"column":4},"end":{"line":41,"column":5}},"20":{"start":{"line":39,"column":6},"end":{"line":39,"column":40}},"21":{"start":{"line":40,"column":6},"end":{"line":40,"column":33}},"22":{"start":{"line":43,"column":4},"end":{"line":43,"column":31}},"23":{"start":{"line":44,"column":4},"end":{"line":44,"column":35}},"24":{"start":{"line":45,"column":4},"end":{"line":45,"column":23}},"25":{"start":{"line":46,"column":4},"end":{"line":58,"column":5}},"26":{"start":{"line":47,"column":29},"end":{"line":47,"column":47}},"27":{"start":{"line":49,"column":6},"end":{"line":51,"column":7}},"28":{"start":{"line":50,"column":8},"end":{"line":50,"column":53}},"29":{"start":{"line":53,"column":6},"end":{"line":53,"column":50}},"30":{"start":{"line":54,"column":6},"end":{"line":54,"column":46}},"31":{"start":{"line":55,"column":6},"end":{"line":55,"column":44}},"32":{"start":{"line":57,"column":6},"end":{"line":57,"column":50}},"33":{"start":{"line":61,"column":27},"end":{"line":67,"column":3}},"34":{"start":{"line":62,"column":4},"end":{"line":66,"column":14}},"35":{"start":{"line":69,"column":31},"end":{"line":72,"column":3}},"36":{"start":{"line":70,"column":18},"end":{"line":70,"column":55}},"37":{"start":{"line":71,"column":4},"end":{"line":71,"column":33}},"38":{"start":{"line":74,"column":31},"end":{"line":119,"column":46}},"39":{"start":{"line":75,"column":4},"end":{"line":75,"column":63}},"40":{"start":{"line":75,"column":29},"end":{"line":75,"column":63}},"41":{"start":{"line":77,"column":4},"end":{"line":118,"column":12}},"42":{"start":{"line":78,"column":29},"end":{"line":78,"column":71}},"43":{"start":{"line":80,"column":23},"end":{"line":83,"column":8}},"44":{"start":{"line":85,"column":32},"end":{"line":85,"column":66}},"45":{"start":{"line":86,"column":33},"end":{"line":86,"column":69}},"46":{"start":{"line":89,"column":8},"end":{"line":90,"column":48}},"47":{"start":{"line":93,"column":8},"end":{"line":93,"column":56}},"48":{"start":{"line":95,"column":6},"end":{"line":117,"column":7}},"49":{"start":{"line":101,"column":8},"end":{"line":116,"column":9}},"50":{"start":{"line":102,"column":27},"end":{"line":102,"column":65}},"51":{"start":{"line":104,"column":31},"end":{"line":109,"column":12}},"52":{"start":{"line":111,"column":10},"end":{"line":111,"column":26}},"53":{"start":{"line":112,"column":10},"end":{"line":112,"column":33}},"54":{"start":{"line":113,"column":10},"end":{"line":113,"column":58}},"55":{"start":{"line":113,"column":27},"end":{"line":113,"column":50}},"56":{"start":{"line":115,"column":10},"end":{"line":115,"column":40}},"57":{"start":{"line":121,"column":2},"end":{"line":129,"column":45}},"58":{"start":{"line":122,"column":4},"end":{"line":124,"column":5}},"59":{"start":{"line":123,"column":6},"end":{"line":123,"column":29}},"60":{"start":{"line":126,"column":4},"end":{"line":128,"column":6}},"61":{"start":{"line":127,"column":6},"end":{"line":127,"column":65}},"62":{"start":{"line":127,"column":31},"end":{"line":127,"column":65}},"63":{"start":{"line":131,"column":29},"end":{"line":149,"column":3}},"64":{"start":{"line":132,"column":4},"end":{"line":132,"column":27}},"65":{"start":{"line":133,"column":4},"end":{"line":133,"column":22}},"66":{"start":{"line":135,"column":35},"end":{"line":140,"column":5}},"67":{"start":{"line":136,"column":6},"end":{"line":139,"column":16}},"68":{"start":{"line":142,"column":26},"end":{"line":142,"column":60}},"69":{"start":{"line":143,"column":27},"end":{"line":143,"column":73}},"70":{"start":{"line":145,"column":4},"end":{"line":148,"column":5}},"71":{"start":{"line":146,"column":6},"end":{"line":146,"column":39}},"72":{"start":{"line":147,"column":6},"end":{"line":147,"column":42}},"73":{"start":{"line":151,"column":27},"end":{"line":157,"column":3}},"74":{"start":{"line":152,"column":4},"end":{"line":152,"column":31}},"75":{"start":{"line":154,"column":27},"end":{"line":154,"column":45}},"76":{"start":{"line":155,"column":4},"end":{"line":155,"column":38}},"77":{"start":{"line":156,"column":4},"end":{"line":156,"column":44}},"78":{"start":{"line":159,"column":19},"end":{"line":159,"column":51}},"79":{"start":{"line":161,"column":2},"end":{"line":223,"column":4}},"80":{"start":{"line":171,"column":14},"end":{"line":171,"column":39}},"81":{"start":{"line":172,"column":14},"end":{"line":172,"column":32}},"82":{"start":{"line":226,"column":0},"end":{"line":226,"column":26}}},"fnMap":{"0":{"name":"(anonymous_0)","decl":{"start":{"line":17,"column":46},"end":{"line":17,"column":47}},"loc":{"start":{"line":21,"column":5},"end":{"line":224,"column":1}}},"1":{"name":"(anonymous_1)","decl":{"start":{"line":34,"column":12},"end":{"line":34,"column":15}},"loc":{"start":{"line":34,"column":17},"end":{"line":59,"column":3}}},"2":{"name":"(anonymous_2)","decl":{"start":{"line":61,"column":27},"end":{"line":61,"column":28}},"loc":{"start":{"line":61,"column":52},"end":{"line":67,"column":3}}},"3":{"name":"(anonymous_3)","decl":{"start":{"line":69,"column":31},"end":{"line":69,"column":32}},"loc":{"start":{"line":69,"column":56},"end":{"line":72,"column":3}}},"4":{"name":"(anonymous_4)","decl":{"start":{"line":74,"column":43},"end":{"line":74,"column":46}},"loc":{"start":{"line":74,"column":48},"end":{"line":119,"column":3}}},"5":{"name":"(anonymous_5)","decl":{"start":{"line":77,"column":37},"end":{"line":77,"column":40}},"loc":{"start":{"line":77,"column":42},"end":{"line":118,"column":5}}},"6":{"name":"(anonymous_6)","decl":{"start":{"line":113,"column":21},"end":{"line":113,"column":24}},"loc":{"start":{"line":113,"column":27},"end":{"line":113,"column":50}}},"7":{"name":"(anonymous_7)","decl":{"start":{"line":121,"column":12},"end":{"line":121,"column":15}},"loc":{"start":{"line":121,"column":17},"end":{"line":129,"column":3}}},"8":{"name":"(anonymous_8)","decl":{"start":{"line":126,"column":11},"end":{"line":126,"column":14}},"loc":{"start":{"line":126,"column":16},"end":{"line":128,"column":5}}},"9":{"name":"(anonymous_9)","decl":{"start":{"line":131,"column":29},"end":{"line":131,"column":30}},"loc":{"start":{"line":131,"column":65},"end":{"line":149,"column":3}}},"10":{"name":"(anonymous_10)","decl":{"start":{"line":135,"column":35},"end":{"line":135,"column":36}},"loc":{"start":{"line":135,"column":52},"end":{"line":140,"column":5}}},"11":{"name":"(anonymous_11)","decl":{"start":{"line":151,"column":27},"end":{"line":151,"column":28}},"loc":{"start":{"line":151,"column":53},"end":{"line":157,"column":3}}},"12":{"name":"(anonymous_12)","decl":{"start":{"line":170,"column":22},"end":{"line":170,"column":23}},"loc":{"start":{"line":170,"column":28},"end":{"line":173,"column":13}}}},"branchMap":{"0":{"loc":{"start":{"line":27,"column":45},"end":{"line":27,"column":61}},"type":"binary-expr","locations":[{"start":{"line":27,"column":45},"end":{"line":27,"column":55}},{"start":{"line":27,"column":59},"end":{"line":27,"column":61}}]},"1":{"loc":{"start":{"line":28,"column":49},"end":{"line":28,"column":67}},"type":"binary-expr","locations":[{"start":{"line":28,"column":49},"end":{"line":28,"column":61}},{"start":{"line":28,"column":65},"end":{"line":28,"column":67}}]},"2":{"loc":{"start":{"line":32,"column":17},"end":{"line":32,"column":61}},"type":"cond-expr","locations":[{"start":{"line":32,"column":34},"end":{"line":32,"column":53}},{"start":{"line":32,"column":56},"end":{"line":32,"column":61}}]},"3":{"loc":{"start":{"line":38,"column":4},"end":{"line":41,"column":5}},"type":"if","locations":[{"start":{"line":38,"column":4},"end":{"line":41,"column":5}},{"start":{},"end":{}}]},"4":{"loc":{"start":{"line":43,"column":13},"end":{"line":43,"column":29}},"type":"binary-expr","locations":[{"start":{"line":43,"column":13},"end":{"line":43,"column":23}},{"start":{"line":43,"column":27},"end":{"line":43,"column":29}}]},"5":{"loc":{"start":{"line":44,"column":15},"end":{"line":44,"column":33}},"type":"binary-expr","locations":[{"start":{"line":44,"column":15},"end":{"line":44,"column":27}},{"start":{"line":44,"column":31},"end":{"line":44,"column":33}}]},"6":{"loc":{"start":{"line":46,"column":4},"end":{"line":58,"column":5}},"type":"if","locations":[{"start":{"line":46,"column":4},"end":{"line":58,"column":5}},{"start":{"line":56,"column":11},"end":{"line":58,"column":5}}]},"7":{"loc":{"start":{"line":47,"column":29},"end":{"line":47,"column":47}},"type":"binary-expr","locations":[{"start":{"line":47,"column":29},"end":{"line":47,"column":41}},{"start":{"line":47,"column":45},"end":{"line":47,"column":47}}]},"8":{"loc":{"start":{"line":49,"column":6},"end":{"line":51,"column":7}},"type":"if","locations":[{"start":{"line":49,"column":6},"end":{"line":51,"column":7}},{"start":{},"end":{}}]},"9":{"loc":{"start":{"line":57,"column":31},"end":{"line":57,"column":49}},"type":"binary-expr","locations":[{"start":{"line":57,"column":31},"end":{"line":57,"column":43}},{"start":{"line":57,"column":47},"end":{"line":57,"column":49}}]},"10":{"loc":{"start":{"line":71,"column":11},"end":{"line":71,"column":32}},"type":"cond-expr","locations":[{"start":{"line":71,"column":19},"end":{"line":71,"column":27}},{"start":{"line":71,"column":30},"end":{"line":71,"column":32}}]},"11":{"loc":{"start":{"line":75,"column":4},"end":{"line":75,"column":63}},"type":"if","locations":[{"start":{"line":75,"column":4},"end":{"line":75,"column":63}},{"start":{},"end":{}}]},"12":{"loc":{"start":{"line":78,"column":29},"end":{"line":78,"column":71}},"type":"binary-expr","locations":[{"start":{"line":78,"column":29},"end":{"line":78,"column":60}},{"start":{"line":78,"column":64},"end":{"line":78,"column":71}}]},"13":{"loc":{"start":{"line":86,"column":50},"end":{"line":86,"column":68}},"type":"binary-expr","locations":[{"start":{"line":86,"column":50},"end":{"line":86,"column":62}},{"start":{"line":86,"column":66},"end":{"line":86,"column":68}}]},"14":{"loc":{"start":{"line":89,"column":8},"end":{"line":90,"column":48}},"type":"binary-expr","locations":[{"start":{"line":89,"column":8},"end":{"line":89,"column":52}},{"start":{"line":90,"column":8},"end":{"line":90,"column":48}}]},"15":{"loc":{"start":{"line":89,"column":28},"end":{"line":89,"column":44}},"type":"binary-expr","locations":[{"start":{"line":89,"column":28},"end":{"line":89,"column":38}},{"start":{"line":89,"column":42},"end":{"line":89,"column":44}}]},"16":{"loc":{"start":{"line":93,"column":8},"end":{"line":93,"column":56}},"type":"binary-expr","locations":[{"start":{"line":93,"column":8},"end":{"line":93,"column":29}},{"start":{"line":93,"column":33},"end":{"line":93,"column":56}}]},"17":{"loc":{"start":{"line":95,"column":6},"end":{"line":117,"column":7}},"type":"if","locations":[{"start":{"line":95,"column":6},"end":{"line":117,"column":7}},{"start":{},"end":{}}]},"18":{"loc":{"start":{"line":95,"column":10},"end":{"line":95,"column":32}},"type":"binary-expr","locations":[{"start":{"line":95,"column":10},"end":{"line":95,"column":18}},{"start":{"line":95,"column":22},"end":{"line":95,"column":32}}]},"19":{"loc":{"start":{"line":122,"column":4},"end":{"line":124,"column":5}},"type":"if","locations":[{"start":{"line":122,"column":4},"end":{"line":124,"column":5}},{"start":{},"end":{}}]},"20":{"loc":{"start":{"line":127,"column":6},"end":{"line":127,"column":65}},"type":"if","locations":[{"start":{"line":127,"column":6},"end":{"line":127,"column":65}},{"start":{},"end":{}}]},"21":{"loc":{"start":{"line":145,"column":4},"end":{"line":148,"column":5}},"type":"if","locations":[{"start":{"line":145,"column":4},"end":{"line":148,"column":5}},{"start":{},"end":{}}]},"22":{"loc":{"start":{"line":145,"column":8},"end":{"line":145,"column":76}},"type":"binary-expr","locations":[{"start":{"line":145,"column":8},"end":{"line":145,"column":40}},{"start":{"line":145,"column":44},"end":{"line":145,"column":76}}]},"23":{"loc":{"start":{"line":154,"column":27},"end":{"line":154,"column":45}},"type":"binary-expr","locations":[{"start":{"line":154,"column":27},"end":{"line":154,"column":39}},{"start":{"line":154,"column":43},"end":{"line":154,"column":45}}]},"24":{"loc":{"start":{"line":191,"column":15},"end":{"line":199,"column":28}},"type":"cond-expr","locations":[{"start":{"line":192,"column":18},"end":{"line":198,"column":20}},{"start":{"line":199,"column":18},"end":{"line":199,"column":28}}]},"25":{"loc":{"start":{"line":206,"column":9},"end":{"line":210,"column":null}},"type":"binary-expr","locations":[{"start":{"line":206,"column":9},"end":{"line":206,"column":22}},{"start":{"line":207,"column":10},"end":{"line":209,"column":null}}]}},"s":{"0":2,"1":2,"2":2,"3":2,"4":2,"5":2,"6":2,"7":45,"8":45,"9":45,"10":45,"11":45,"12":45,"13":45,"14":45,"15":45,"16":45,"17":19,"18":19,"19":19,"20":1,"21":1,"22":19,"23":19,"24":19,"25":19,"26":17,"27":17,"28":15,"29":17,"30":17,"31":17,"32":2,"33":45,"34":6,"35":45,"36":3,"37":3,"38":45,"39":6,"40":0,"41":6,"42":3,"43":3,"44":3,"45":3,"46":3,"47":3,"48":3,"49":3,"50":3,"51":3,"52":3,"53":2,"54":2,"55":2,"56":1,"57":45,"58":27,"59":6,"60":27,"61":27,"62":7,"63":45,"64":15,"65":15,"66":15,"67":30,"68":15,"69":15,"70":15,"71":0,"72":0,"73":45,"74":15,"75":15,"76":15,"77":15,"78":45,"79":45,"80":5,"81":5,"82":2},"f":{"0":45,"1":19,"2":6,"3":3,"4":6,"5":3,"6":2,"7":27,"8":27,"9":15,"10":30,"11":15,"12":5},"b":{"0":[45,2],"1":[45,5],"2":[45,0],"3":[1,18],"4":[19,1],"5":[19,2],"6":[17,2],"7":[17,2],"8":[15,2],"9":[2,0],"10":[0,3],"11":[0,6],"12":[3,0],"13":[3,0],"14":[3,0],"15":[3,0],"16":[3,0],"17":[3,0],"18":[3,3],"19":[6,21],"20":[7,20],"21":[0,15],"22":[15,15],"23":[15,2],"24":[2,43],"25":[45,0]}}
,"E:\\NoteTakingTs\\frontend\\frontend\\src\\hooks\\useNoteHandlers.ts": {"path":"E:\\NoteTakingTs\\frontend\\frontend\\src\\hooks\\useNoteHandlers.ts","statementMap":{"0":{"start":{"line":1,"column":0},"end":{"line":1,"column":44}},"1":{"start":{"line":2,"column":0},"end":{"line":2,"column":39}},"2":{"start":{"line":3,"column":0},"end":{"line":3,"column":62}},"3":{"start":{"line":4,"column":0},"end":{"line":4,"column":62}},"4":{"start":{"line":5,"column":0},"end":{"line":5,"column":66}},"5":{"start":{"line":6,"column":0},"end":{"line":6,"column":66}},"6":{"start":{"line":11,"column":31},"end":{"line":120,"column":1}},"7":{"start":{"line":12,"column":31},"end":{"line":12,"column":46}},"8":{"start":{"line":13,"column":26},"end":{"line":13,"column":39}},"9":{"start":{"line":14,"column":27},"end":{"line":14,"column":40}},"10":{"start":{"line":15,"column":29},"end":{"line":15,"column":44}},"11":{"start":{"line":16,"column":38},"end":{"line":16,"column":76}},"12":{"start":{"line":17,"column":44},"end":{"line":17,"column":58}},"13":{"start":{"line":19,"column":2},"end":{"line":25,"column":17}},"14":{"start":{"line":20,"column":18},"end":{"line":20,"column":47}},"15":{"start":{"line":21,"column":4},"end":{"line":24,"column":5}},"16":{"start":{"line":22,"column":6},"end":{"line":22,"column":20}},"17":{"start":{"line":23,"column":6},"end":{"line":23,"column":13}},"18":{"start":{"line":27,"column":2},"end":{"line":52,"column":14}},"19":{"start":{"line":28,"column":4},"end":{"line":31,"column":5}},"20":{"start":{"line":29,"column":6},"end":{"line":29,"column":26}},"21":{"start":{"line":30,"column":6},"end":{"line":30,"column":13}},"22":{"start":{"line":33,"column":23},"end":{"line":33,"column":63}},"23":{"start":{"line":33,"column":46},"end":{"line":33,"column":62}},"24":{"start":{"line":34,"column":24},"end":{"line":36,"column":null}},"25":{"start":{"line":36,"column":8},"end":{"line":36,"column":73}},"26":{"start":{"line":39,"column":4},"end":{"line":51,"column":5}},"27":{"start":{"line":40,"column":6},"end":{"line":40,"column":44}},"28":{"start":{"line":42,"column":26},"end":{"line":42,"column":75}},"29":{"start":{"line":42,"column":50},"end":{"line":42,"column":74}},"30":{"start":{"line":43,"column":6},"end":{"line":50,"column":7}},"31":{"start":{"line":44,"column":8},"end":{"line":44,"column":46}},"32":{"start":{"line":45,"column":13},"end":{"line":50,"column":7}},"33":{"start":{"line":49,"column":8},"end":{"line":49,"column":35}},"34":{"start":{"line":54,"column":23},"end":{"line":63,"column":3}},"35":{"start":{"line":55,"column":4},"end":{"line":62,"column":5}},"36":{"start":{"line":56,"column":6},"end":{"line":61,"column":9}},"37":{"start":{"line":58,"column":10},"end":{"line":58,"column":53}},"38":{"start":{"line":59,"column":10},"end":{"line":59,"column":64}},"39":{"start":{"line":59,"column":40},"end":{"line":59,"column":64}},"40":{"start":{"line":65,"column":25},"end":{"line":86,"column":3}},"41":{"start":{"line":66,"column":4},"end":{"line":68,"column":5}},"42":{"start":{"line":67,"column":6},"end":{"line":67,"column":13}},"43":{"start":{"line":70,"column":4},"end":{"line":85,"column":5}},"44":{"start":{"line":71,"column":6},"end":{"line":78,"column":9}},"45":{"start":{"line":80,"column":6},"end":{"line":84,"column":9}},"46":{"start":{"line":88,"column":27},"end":{"line":91,"column":3}},"47":{"start":{"line":89,"column":4},"end":{"line":89,"column":24}},"48":{"start":{"line":90,"column":4},"end":{"line":90,"column":58}},"49":{"start":{"line":90,"column":34},"end":{"line":90,"column":58}},"50":{"start":{"line":93,"column":24},"end":{"line":104,"column":3}},"51":{"start":{"line":94,"column":20},"end":{"line":101,"column":6}},"52":{"start":{"line":102,"column":4},"end":{"line":102,"column":27}},"53":{"start":{"line":103,"column":4},"end":{"line":103,"column":58}},"54":{"start":{"line":103,"column":34},"end":{"line":103,"column":58}},"55":{"start":{"line":106,"column":24},"end":{"line":106,"column":62}},"56":{"start":{"line":106,"column":30},"end":{"line":106,"column":62}},"57":{"start":{"line":107,"column":29},"end":{"line":107,"column":58}},"58":{"start":{"line":107,"column":35},"end":{"line":107,"column":58}},"59":{"start":{"line":109,"column":2},"end":{"line":119,"column":4}},"60":{"start":{"line":11,"column":13},"end":{"line":11,"column":31}}},"fnMap":{"0":{"name":"(anonymous_0)","decl":{"start":{"line":11,"column":31},"end":{"line":11,"column":32}},"loc":{"start":{"line":11,"column":62},"end":{"line":120,"column":1}}},"1":{"name":"(anonymous_1)","decl":{"start":{"line":19,"column":12},"end":{"line":19,"column":15}},"loc":{"start":{"line":19,"column":17},"end":{"line":25,"column":3}}},"2":{"name":"(anonymous_2)","decl":{"start":{"line":27,"column":12},"end":{"line":27,"column":15}},"loc":{"start":{"line":27,"column":17},"end":{"line":52,"column":3}}},"3":{"name":"(anonymous_3)","decl":{"start":{"line":33,"column":36},"end":{"line":33,"column":37}},"loc":{"start":{"line":33,"column":46},"end":{"line":33,"column":62}}},"4":{"name":"(anonymous_4)","decl":{"start":{"line":35,"column":6},"end":{"line":35,"column":7}},"loc":{"start":{"line":36,"column":8},"end":{"line":36,"column":73}}},"5":{"name":"(anonymous_5)","decl":{"start":{"line":42,"column":43},"end":{"line":42,"column":44}},"loc":{"start":{"line":42,"column":50},"end":{"line":42,"column":74}}},"6":{"name":"(anonymous_6)","decl":{"start":{"line":54,"column":23},"end":{"line":54,"column":24}},"loc":{"start":{"line":54,"column":35},"end":{"line":63,"column":3}}},"7":{"name":"(anonymous_7)","decl":{"start":{"line":57,"column":19},"end":{"line":57,"column":22}},"loc":{"start":{"line":57,"column":24},"end":{"line":60,"column":9}}},"8":{"name":"(anonymous_8)","decl":{"start":{"line":65,"column":25},"end":{"line":65,"column":26}},"loc":{"start":{"line":65,"column":55},"end":{"line":86,"column":3}}},"9":{"name":"(anonymous_9)","decl":{"start":{"line":88,"column":27},"end":{"line":88,"column":28}},"loc":{"start":{"line":88,"column":53},"end":{"line":91,"column":3}}},"10":{"name":"(anonymous_10)","decl":{"start":{"line":93,"column":24},"end":{"line":93,"column":27}},"loc":{"start":{"line":93,"column":29},"end":{"line":104,"column":3}}},"11":{"name":"(anonymous_11)","decl":{"start":{"line":106,"column":24},"end":{"line":106,"column":27}},"loc":{"start":{"line":106,"column":30},"end":{"line":106,"column":62}}},"12":{"name":"(anonymous_12)","decl":{"start":{"line":107,"column":29},"end":{"line":107,"column":32}},"loc":{"start":{"line":107,"column":35},"end":{"line":107,"column":58}}}},"branchMap":{"0":{"loc":{"start":{"line":12,"column":16},"end":{"line":12,"column":26}},"type":"default-arg","locations":[{"start":{"line":12,"column":24},"end":{"line":12,"column":26}}]},"1":{"loc":{"start":{"line":21,"column":4},"end":{"line":24,"column":5}},"type":"if","locations":[{"start":{"line":21,"column":4},"end":{"line":24,"column":5}},{"start":{},"end":{}}]},"2":{"loc":{"start":{"line":28,"column":4},"end":{"line":31,"column":5}},"type":"if","locations":[{"start":{"line":28,"column":4},"end":{"line":31,"column":5}},{"start":{},"end":{}}]},"3":{"loc":{"start":{"line":28,"column":8},"end":{"line":28,"column":36}},"type":"binary-expr","locations":[{"start":{"line":28,"column":8},"end":{"line":28,"column":14}},{"start":{"line":28,"column":18},"end":{"line":28,"column":36}}]},"4":{"loc":{"start":{"line":33,"column":46},"end":{"line":33,"column":62}},"type":"binary-expr","locations":[{"start":{"line":33,"column":46},"end":{"line":33,"column":50}},{"start":{"line":33,"column":54},"end":{"line":33,"column":62}}]},"5":{"loc":{"start":{"line":39,"column":4},"end":{"line":51,"column":5}},"type":"if","locations":[{"start":{"line":39,"column":4},"end":{"line":51,"column":5}},{"start":{"line":41,"column":11},"end":{"line":51,"column":5}}]},"6":{"loc":{"start":{"line":39,"column":8},"end":{"line":39,"column":38}},"type":"binary-expr","locations":[{"start":{"line":39,"column":8},"end":{"line":39,"column":19}},{"start":{"line":39,"column":23},"end":{"line":39,"column":38}}]},"7":{"loc":{"start":{"line":40,"column":20},"end":{"line":40,"column":42}},"type":"binary-expr","locations":[{"start":{"line":40,"column":20},"end":{"line":40,"column":34}},{"start":{"line":40,"column":38},"end":{"line":40,"column":42}}]},"8":{"loc":{"start":{"line":43,"column":6},"end":{"line":50,"column":7}},"type":"if","locations":[{"start":{"line":43,"column":6},"end":{"line":50,"column":7}},{"start":{"line":45,"column":13},"end":{"line":50,"column":7}}]},"9":{"loc":{"start":{"line":44,"column":22},"end":{"line":44,"column":44}},"type":"binary-expr","locations":[{"start":{"line":44,"column":22},"end":{"line":44,"column":36}},{"start":{"line":44,"column":40},"end":{"line":44,"column":44}}]},"10":{"loc":{"start":{"line":45,"column":13},"end":{"line":50,"column":7}},"type":"if","locations":[{"start":{"line":45,"column":13},"end":{"line":50,"column":7}},{"start":{},"end":{}}]},"11":{"loc":{"start":{"line":46,"column":8},"end":{"line":47,"column":50}},"type":"binary-expr","locations":[{"start":{"line":46,"column":8},"end":{"line":46,"column":46}},{"start":{"line":47,"column":8},"end":{"line":47,"column":50}}]},"12":{"loc":{"start":{"line":55,"column":4},"end":{"line":62,"column":5}},"type":"if","locations":[{"start":{"line":55,"column":4},"end":{"line":62,"column":5}},{"start":{},"end":{}}]},"13":{"loc":{"start":{"line":59,"column":10},"end":{"line":59,"column":64}},"type":"if","locations":[{"start":{"line":59,"column":10},"end":{"line":59,"column":64}},{"start":{},"end":{}}]},"14":{"loc":{"start":{"line":66,"column":4},"end":{"line":68,"column":5}},"type":"if","locations":[{"start":{"line":66,"column":4},"end":{"line":68,"column":5}},{"start":{},"end":{}}]},"15":{"loc":{"start":{"line":66,"column":8},"end":{"line":66,"column":58}},"type":"binary-expr","locations":[{"start":{"line":66,"column":8},"end":{"line":66,"column":30}},{"start":{"line":66,"column":34},"end":{"line":66,"column":58}}]},"16":{"loc":{"start":{"line":70,"column":4},"end":{"line":85,"column":5}},"type":"if","locations":[{"start":{"line":70,"column":4},"end":{"line":85,"column":5}},{"start":{"line":79,"column":11},"end":{"line":85,"column":5}}]},"17":{"loc":{"start":{"line":90,"column":4},"end":{"line":90,"column":58}},"type":"if","locations":[{"start":{"line":90,"column":4},"end":{"line":90,"column":58}},{"start":{},"end":{}}]},"18":{"loc":{"start":{"line":103,"column":4},"end":{"line":103,"column":58}},"type":"if","locations":[{"start":{"line":103,"column":4},"end":{"line":103,"column":58}},{"start":{},"end":{}}]},"19":{"loc":{"start":{"line":110,"column":11},"end":{"line":110,"column":22}},"type":"binary-expr","locations":[{"start":{"line":110,"column":11},"end":{"line":110,"column":16}},{"start":{"line":110,"column":20},"end":{"line":110,"column":22}}]}},"s":{"0":1,"1":1,"2":1,"3":1,"4":1,"5":1,"6":1,"7":31,"8":31,"9":31,"10":31,"11":31,"12":31,"13":31,"14":15,"15":15,"16":15,"17":15,"18":31,"19":16,"20":11,"21":11,"22":5,"23":7,"24":5,"25":2,"26":5,"27":4,"28":1,"29":1,"30":1,"31":0,"32":1,"33":1,"34":31,"35":2,"36":2,"37":1,"38":1,"39":1,"40":31,"41":3,"42":1,"43":2,"44":1,"45":1,"46":31,"47":4,"48":4,"49":1,"50":31,"51":2,"52":2,"53":2,"54":1,"55":31,"56":2,"57":31,"58":1,"59":31,"60":1},"f":{"0":31,"1":15,"2":16,"3":7,"4":2,"5":1,"6":2,"7":1,"8":3,"9":4,"10":2,"11":2,"12":1},"b":{"0":[0],"1":[15,0],"2":[11,5],"3":[16,16],"4":[7,7],"5":[4,1],"6":[5,1],"7":[4,0],"8":[0,1],"9":[0,0],"10":[1,0],"11":[1,0],"12":[2,0],"13":[1,0],"14":[1,2],"15":[3,1],"16":[1,1],"17":[1,3],"18":[1,1],"19":[31,0]}}
,"E:\\NoteTakingTs\\frontend\\frontend\\src\\pages\\NoteLayout.tsx": {"path":"E:\\NoteTakingTs\\frontend\\frontend\\src\\pages\\NoteLayout.tsx","statementMap":{"0":{"start":{"line":2,"column":0},"end":{"line":2,"column":47}},"1":{"start":{"line":3,"column":0},"end":{"line":3,"column":61}},"2":{"start":{"line":4,"column":0},"end":{"line":4,"column":44}},"3":{"start":{"line":5,"column":0},"end":{"line":5,"column":46}},"4":{"start":{"line":6,"column":0},"end":{"line":6,"column":59}},"5":{"start":{"line":8,"column":30},"end":{"line":93,"column":1}},"6":{"start":{"line":9,"column":19},"end":{"line":9,"column":32}},"7":{"start":{"line":21,"column":6},"end":{"line":21,"column":31}},"8":{"start":{"line":23,"column":2},"end":{"line":92,"column":4}},"9":{"start":{"line":95,"column":0},"end":{"line":95,"column":27}}},"fnMap":{"0":{"name":"(anonymous_1)","decl":{"start":{"line":8,"column":30},"end":{"line":8,"column":33}},"loc":{"start":{"line":8,"column":35},"end":{"line":93,"column":1}}}},"branchMap":{"0":{"loc":{"start":{"line":25,"column":7},"end":{"line":29,"column":null}},"type":"binary-expr","locations":[{"start":{"line":25,"column":7},"end":{"line":25,"column":20}},{"start":{"line":26,"column":8},"end":{"line":28,"column":null}}]},"1":{"loc":{"start":{"line":37,"column":10},"end":{"line":37,"column":null}},"type":"cond-expr","locations":[{"start":{"line":37,"column":26},"end":{"line":37,"column":41}},{"start":{"line":37,"column":44},"end":{"line":37,"column":null}}]},"2":{"loc":{"start":{"line":50,"column":7},"end":{"line":59,"column":null}},"type":"binary-expr","locations":[{"start":{"line":50,"column":7},"end":{"line":50,"column":20}},{"start":{"line":51,"column":8},"end":{"line":58,"column":null}}]},"3":{"loc":{"start":{"line":63,"column":9},"end":{"line":63,"column":67}},"type":"cond-expr","locations":[{"start":{"line":63,"column":26},"end":{"line":63,"column":30}},{"start":{"line":63,"column":33},"end":{"line":63,"column":67}}]},"4":{"loc":{"start":{"line":66,"column":11},"end":{"line":87,"column":null}},"type":"cond-expr","locations":[{"start":{"line":67,"column":12},"end":{"line":79,"column":null}},{"start":{"line":83,"column":12},"end":{"line":86,"column":null}}]},"5":{"loc":{"start":{"line":71,"column":16},"end":{"line":78,"column":null}},"type":"binary-expr","locations":[{"start":{"line":71,"column":16},"end":{"line":71,"column":30}},{"start":{"line":72,"column":18},"end":{"line":77,"column":null}}]}},"s":{"0":1,"1":1,"2":1,"3":1,"4":1,"5":1,"6":5,"7":5,"8":5,"9":1},"f":{"0":5},"b":{"0":[5,2],"1":[2,3],"2":[5,2],"3":[3,2],"4":[2,3],"5":[2,1]}}
,"E:\\NoteTakingTs\\frontend\\frontend\\src\\pages\\NotePDFExporter.tsx": {"path":"E:\\NoteTakingTs\\frontend\\frontend\\src\\pages\\NotePDFExporter.tsx","statementMap":{"0":{"start":{"line":1,"column":0},"end":{"line":1,"column":40}},"1":{"start":{"line":2,"column":0},"end":{"line":2,"column":62}},"2":{"start":{"line":3,"column":0},"end":{"line":3,"column":30}},"3":{"start":{"line":9,"column":56},"end":{"line":167,"column":1}},"4":{"start":{"line":13,"column":34},"end":{"line":13,"column":49}},"5":{"start":{"line":15,"column":25},"end":{"line":74,"column":3}},"6":{"start":{"line":16,"column":4},"end":{"line":20,"column":5}},"7":{"start":{"line":17,"column":6},"end":{"line":17,"column":39}},"8":{"start":{"line":18,"column":6},"end":{"line":18,"column":25}},"9":{"start":{"line":19,"column":6},"end":{"line":19,"column":13}},"10":{"start":{"line":22,"column":16},"end":{"line":22,"column":27}},"11":{"start":{"line":23,"column":12},"end":{"line":23,"column":14}},"12":{"start":{"line":25,"column":4},"end":{"line":25,"column":24}},"13":{"start":{"line":26,"column":4},"end":{"line":26,"column":46}},"14":{"start":{"line":27,"column":4},"end":{"line":27,"column":12}},"15":{"start":{"line":29,"column":16},"end":{"line":29,"column":45}},"16":{"start":{"line":30,"column":4},"end":{"line":30,"column":28}},"17":{"start":{"line":34,"column":4},"end":{"line":34,"column":24}},"18":{"start":{"line":35,"column":18},"end":{"line":35,"column":53}},"19":{"start":{"line":36,"column":4},"end":{"line":36,"column":27}},"20":{"start":{"line":37,"column":4},"end":{"line":37,"column":30}},"21":{"start":{"line":39,"column":19},"end":{"line":39,"column":46}},"22":{"start":{"line":41,"column":4},"end":{"line":70,"column":5}},"23":{"start":{"line":41,"column":17},"end":{"line":41,"column":18}},"24":{"start":{"line":42,"column":18},"end":{"line":42,"column":27}},"25":{"start":{"line":43,"column":18},"end":{"line":43,"column":25}},"26":{"start":{"line":45,"column":6},"end":{"line":69,"column":7}},"27":{"start":{"line":46,"column":23},"end":{"line":46,"column":52}},"28":{"start":{"line":47,"column":8},"end":{"line":65,"column":9}},"29":{"start":{"line":48,"column":27},"end":{"line":48,"column":57}},"30":{"start":{"line":49,"column":27},"end":{"line":49,"column":30}},"31":{"start":{"line":50,"column":28},"end":{"line":50,"column":73}},"32":{"start":{"line":52,"column":10},"end":{"line":55,"column":11}},"33":{"start":{"line":53,"column":12},"end":{"line":53,"column":26}},"34":{"start":{"line":54,"column":12},"end":{"line":54,"column":19}},"35":{"start":{"line":57,"column":10},"end":{"line":57,"column":67}},"36":{"start":{"line":58,"column":10},"end":{"line":58,"column":29}},"37":{"start":{"line":60,"column":10},"end":{"line":60,"column":35}},"38":{"start":{"line":61,"column":10},"end":{"line":61,"column":30}},"39":{"start":{"line":62,"column":10},"end":{"line":62,"column":53}},"40":{"start":{"line":63,"column":10},"end":{"line":63,"column":36}},"41":{"start":{"line":64,"column":10},"end":{"line":64,"column":18}},"42":{"start":{"line":72,"column":4},"end":{"line":72,"column":48}},"43":{"start":{"line":73,"column":4},"end":{"line":73,"column":23}},"44":{"start":{"line":76,"column":29},"end":{"line":90,"column":3}},"45":{"start":{"line":77,"column":4},"end":{"line":89,"column":5}},"46":{"start":{"line":78,"column":18},"end":{"line":78,"column":52}},"47":{"start":{"line":79,"column":19},"end":{"line":79,"column":35}},"48":{"start":{"line":80,"column":6},"end":{"line":85,"column":9}},"49":{"start":{"line":81,"column":23},"end":{"line":81,"column":39}},"50":{"start":{"line":82,"column":8},"end":{"line":82,"column":66}},"51":{"start":{"line":82,"column":33},"end":{"line":82,"column":65}},"52":{"start":{"line":83,"column":8},"end":{"line":83,"column":32}},"53":{"start":{"line":84,"column":8},"end":{"line":84,"column":35}},"54":{"start":{"line":87,"column":6},"end":{"line":87,"column":57}},"55":{"start":{"line":88,"column":6},"end":{"line":88,"column":18}},"56":{"start":{"line":92,"column":22},"end":{"line":120,"column":3}},"57":{"start":{"line":93,"column":4},"end":{"line":118,"column":5}},"58":{"start":{"line":94,"column":6},"end":{"line":115,"column":7}},"59":{"start":{"line":95,"column":20},"end":{"line":95,"column":49}},"60":{"start":{"line":96,"column":8},"end":{"line":96,"column":32}},"61":{"start":{"line":98,"column":26},"end":{"line":98,"column":64}},"62":{"start":{"line":99,"column":23},"end":{"line":99,"column":50}},"63":{"start":{"line":100,"column":24},"end":{"line":100,"column":69}},"64":{"start":{"line":102,"column":8},"end":{"line":107,"column":9}},"65":{"start":{"line":103,"column":10},"end":{"line":103,"column":39}},"66":{"start":{"line":104,"column":10},"end":{"line":106,"column":13}},"67":{"start":{"line":105,"column":12},"end":{"line":105,"column":40}},"68":{"start":{"line":109,"column":8},"end":{"line":112,"column":11}},"69":{"start":{"line":114,"column":8},"end":{"line":114,"column":46}},"70":{"start":{"line":117,"column":6},"end":{"line":117,"column":57}},"71":{"start":{"line":119,"column":4},"end":{"line":119,"column":23}},"72":{"start":{"line":122,"column":20},"end":{"line":129,"column":3}},"73":{"start":{"line":131,"column":2},"end":{"line":166,"column":4}},"74":{"start":{"line":135,"column":10},"end":{"line":135,"column":30}},"75":{"start":{"line":136,"column":10},"end":{"line":136,"column":39}},"76":{"start":{"line":136,"column":32},"end":{"line":136,"column":37}},"77":{"start":{"line":147,"column":14},"end":{"line":147,"column":34}},"78":{"start":{"line":148,"column":14},"end":{"line":148,"column":31}},"79":{"start":{"line":156,"column":14},"end":{"line":156,"column":34}},"80":{"start":{"line":157,"column":14},"end":{"line":157,"column":28}},"81":{"start":{"line":169,"column":0},"end":{"line":169,"column":31}}},"fnMap":{"0":{"name":"(anonymous_0)","decl":{"start":{"line":9,"column":56},"end":{"line":9,"column":57}},"loc":{"start":{"line":12,"column":5},"end":{"line":167,"column":1}}},"1":{"name":"(anonymous_1)","decl":{"start":{"line":15,"column":25},"end":{"line":15,"column":30}},"loc":{"start":{"line":15,"column":36},"end":{"line":74,"column":3}}},"2":{"name":"(anonymous_2)","decl":{"start":{"line":76,"column":29},"end":{"line":76,"column":34}},"loc":{"start":{"line":76,"column":75},"end":{"line":90,"column":3}}},"3":{"name":"(anonymous_3)","decl":{"start":{"line":80,"column":39},"end":{"line":80,"column":40}},"loc":{"start":{"line":80,"column":59},"end":{"line":85,"column":7}}},"4":{"name":"(anonymous_4)","decl":{"start":{"line":82,"column":27},"end":{"line":82,"column":30}},"loc":{"start":{"line":82,"column":33},"end":{"line":82,"column":65}}},"5":{"name":"(anonymous_5)","decl":{"start":{"line":92,"column":22},"end":{"line":92,"column":27}},"loc":{"start":{"line":92,"column":33},"end":{"line":120,"column":3}}},"6":{"name":"(anonymous_6)","decl":{"start":{"line":104,"column":25},"end":{"line":104,"column":26}},"loc":{"start":{"line":104,"column":33},"end":{"line":106,"column":11}}},"7":{"name":"(anonymous_7)","decl":{"start":{"line":122,"column":20},"end":{"line":122,"column":21}},"loc":{"start":{"line":122,"column":51},"end":{"line":129,"column":3}}},"8":{"name":"(anonymous_8)","decl":{"start":{"line":134,"column":17},"end":{"line":134,"column":18}},"loc":{"start":{"line":134,"column":23},"end":{"line":137,"column":9}}},"9":{"name":"(anonymous_9)","decl":{"start":{"line":136,"column":22},"end":{"line":136,"column":23}},"loc":{"start":{"line":136,"column":32},"end":{"line":136,"column":37}}},"10":{"name":"(anonymous_10)","decl":{"start":{"line":146,"column":21},"end":{"line":146,"column":22}},"loc":{"start":{"line":146,"column":27},"end":{"line":149,"column":13}}},"11":{"name":"(anonymous_11)","decl":{"start":{"line":155,"column":21},"end":{"line":155,"column":22}},"loc":{"start":{"line":155,"column":27},"end":{"line":158,"column":13}}}},"branchMap":{"0":{"loc":{"start":{"line":16,"column":4},"end":{"line":20,"column":5}},"type":"if","locations":[{"start":{"line":16,"column":4},"end":{"line":20,"column":5}},{"start":{},"end":{}}]},"1":{"loc":{"start":{"line":26,"column":13},"end":{"line":26,"column":37}},"type":"binary-expr","locations":[{"start":{"line":26,"column":13},"end":{"line":26,"column":18}},{"start":{"line":26,"column":22},"end":{"line":26,"column":37}}]},"2":{"loc":{"start":{"line":47,"column":8},"end":{"line":65,"column":9}},"type":"if","locations":[{"start":{"line":47,"column":8},"end":{"line":65,"column":9}},{"start":{},"end":{}}]},"3":{"loc":{"start":{"line":52,"column":10},"end":{"line":55,"column":11}},"type":"if","locations":[{"start":{"line":52,"column":10},"end":{"line":55,"column":11}},{"start":{},"end":{}}]},"4":{"loc":{"start":{"line":72,"column":16},"end":{"line":72,"column":40}},"type":"binary-expr","locations":[{"start":{"line":72,"column":16},"end":{"line":72,"column":21}},{"start":{"line":72,"column":25},"end":{"line":72,"column":40}}]},"5":{"loc":{"start":{"line":93,"column":4},"end":{"line":118,"column":5}},"type":"if","locations":[{"start":{"line":93,"column":4},"end":{"line":118,"column":5}},{"start":{"line":116,"column":11},"end":{"line":118,"column":5}}]},"6":{"loc":{"start":{"line":98,"column":26},"end":{"line":98,"column":64}},"type":"binary-expr","locations":[{"start":{"line":98,"column":26},"end":{"line":98,"column":41}},{"start":{"line":98,"column":45},"end":{"line":98,"column":58}},{"start":{"line":98,"column":62},"end":{"line":98,"column":64}}]},"7":{"loc":{"start":{"line":100,"column":27},"end":{"line":100,"column":51}},"type":"binary-expr","locations":[{"start":{"line":100,"column":27},"end":{"line":100,"column":32}},{"start":{"line":100,"column":36},"end":{"line":100,"column":51}}]},"8":{"loc":{"start":{"line":102,"column":8},"end":{"line":107,"column":9}},"type":"if","locations":[{"start":{"line":102,"column":8},"end":{"line":107,"column":9}},{"start":{},"end":{}}]},"9":{"loc":{"start":{"line":110,"column":17},"end":{"line":110,"column":41}},"type":"binary-expr","locations":[{"start":{"line":110,"column":17},"end":{"line":110,"column":22}},{"start":{"line":110,"column":26},"end":{"line":110,"column":41}}]},"10":{"loc":{"start":{"line":143,"column":7},"end":{"line":163,"column":null}},"type":"binary-expr","locations":[{"start":{"line":143,"column":7},"end":{"line":143,"column":15}},{"start":{"line":144,"column":8},"end":{"line":162,"column":null}}]}},"s":{"0":3,"1":3,"2":3,"3":3,"4":60,"5":60,"6":6,"7":1,"8":1,"9":1,"10":5,"11":5,"12":5,"13":5,"14":5,"15":5,"16":5,"17":5,"18":5,"19":5,"20":5,"21":5,"22":5,"23":5,"24":5,"25":5,"26":5,"27":5,"28":5,"29":4,"30":4,"31":4,"32":4,"33":1,"34":1,"35":4,"36":4,"37":4,"38":4,"39":4,"40":4,"41":4,"42":5,"43":5,"44":60,"45":5,"46":5,"47":4,"48":4,"49":4,"50":4,"51":4,"52":4,"53":4,"54":1,"55":1,"56":60,"57":5,"58":4,"59":4,"60":4,"61":4,"62":4,"63":4,"64":4,"65":2,"66":2,"67":2,"68":4,"69":1,"70":1,"71":5,"72":60,"73":60,"74":11,"75":11,"76":11,"77":6,"78":6,"79":5,"80":5,"81":3},"f":{"0":60,"1":6,"2":5,"3":4,"4":4,"5":5,"6":2,"7":0,"8":11,"9":11,"10":6,"11":5},"b":{"0":[1,5],"1":[5,2],"2":[4,1],"3":[1,3],"4":[5,2],"5":[4,1],"6":[4,1,1],"7":[4,2],"8":[2,2],"9":[4,2],"10":[60,11]}}
}
