TN:
SF:src\common\DeletePopup.tsx
FN:11,(anonymous_1)
FN:14,(anonymous_2)
FN:23,(anonymous_3)
FNF:3
FNH:3
FNDA:4,(anonymous_1)
FNDA:3,(anonymous_2)
FNDA:3,(anonymous_3)
DA:2,2
DA:3,2
DA:4,2
DA:11,2
DA:12,4
DA:14,4
DA:15,3
DA:24,3
DA:25,2
DA:30,4
DA:42,2
LF:11
LH:11
BRDA:24,0,0,2
BRDA:24,0,1,1
BRF:2
BRH:2
end_of_record
TN:
SF:src\common\SearchNote.tsx
FN:11,(anonymous_0)
FN:20,(anonymous_1)
FNF:2
FNH:2
FNDA:3,(anonymous_0)
FNDA:1,(anonymous_1)
DA:2,2
DA:11,2
DA:12,3
DA:20,1
DA:27,2
LF:5
LH:5
BRF:0
BRH:0
end_of_record
TN:
SF:src\common\customUndoRedo.ts
FN:12,(anonymous_0)
FN:15,(anonymous_1)
FN:21,(anonymous_2)
FN:22,(anonymous_3)
FN:25,(anonymous_4)
FN:58,(anonymous_5)
FN:65,(anonymous_6)
FN:85,(anonymous_7)
FN:101,(anonymous_8)
FN:104,(anonymous_9)
FN:108,(anonymous_10)
FN:122,(anonymous_11)
FN:128,(anonymous_12)
FN:132,(anonymous_13)
FNF:14
FNH:14
FNDA:17,(anonymous_0)
FNDA:119,(anonymous_1)
FNDA:2,(anonymous_2)
FNDA:2,(anonymous_3)
FNDA:17,(anonymous_4)
FNDA:61,(anonymous_5)
FNDA:57,(anonymous_6)
FNDA:4,(anonymous_7)
FNDA:2,(anonymous_8)
FNDA:2,(anonymous_9)
FNDA:3,(anonymous_10)
FNDA:1,(anonymous_11)
FNDA:1,(anonymous_12)
FNDA:17,(anonymous_13)
DA:7,3
DA:10,3
DA:11,3
DA:12,3
DA:13,17
DA:15,3
DA:16,119
DA:21,3
DA:22,3
DA:23,2
DA:25,3
DA:26,17
DA:28,17
DA:29,0
DA:30,0
DA:33,17
DA:34,14
DA:40,3
DA:41,3
DA:46,3
DA:47,2
DA:53,1
DA:58,3
DA:59,61
DA:60,1
DA:63,60
DA:65,60
DA:66,57
DA:67,57
DA:68,1
DA:71,56
DA:72,56
DA:74,56
DA:75,54
DA:76,54
DA:78,54
DA:80,54
DA:85,3
DA:86,4
DA:87,4
DA:88,2
DA:91,2
DA:92,2
DA:94,2
DA:95,2
DA:97,2
DA:98,2
DA:99,2
DA:100,2
DA:101,2
DA:104,2
DA:105,2
DA:108,3
DA:109,3
DA:110,3
DA:111,2
DA:114,1
DA:116,1
DA:117,1
DA:118,1
DA:119,1
DA:120,1
DA:122,1
DA:123,1
DA:124,1
DA:128,1
DA:129,1
DA:132,3
DA:133,17
DA:134,17
DA:135,8
DA:136,8
LF:72
LH:70
BRDA:26,0,0,17
BRDA:26,0,1,0
BRDA:28,1,0,0
BRDA:28,1,1,17
BRDA:33,2,0,14
BRDA:33,2,1,3
BRDA:42,3,0,3
BRDA:42,3,1,0
BRDA:46,4,0,2
BRDA:46,4,1,1
BRDA:59,5,0,1
BRDA:59,5,1,60
BRDA:63,6,0,51
BRDA:63,6,1,9
BRDA:67,7,0,1
BRDA:67,7,1,56
BRDA:74,8,0,54
BRDA:74,8,1,2
BRDA:74,9,0,56
BRDA:74,9,1,55
BRDA:78,10,0,2
BRDA:78,10,1,52
BRDA:87,11,0,2
BRDA:87,11,1,2
BRDA:87,12,0,4
BRDA:87,12,1,3
BRDA:95,13,0,2
BRDA:95,13,1,0
BRDA:98,14,0,2
BRDA:98,14,1,0
BRDA:110,15,0,2
BRDA:110,15,1,1
BRDA:110,16,0,3
BRDA:110,16,1,2
BRDA:117,17,0,1
BRDA:117,17,1,0
BRDA:134,18,0,8
BRDA:134,18,1,9
BRF:38
BRH:32
end_of_record
TN:
SF:src\common\editorInitConfig.ts
FN:10,(anonymous_0)
FN:49,(anonymous_1)
FN:60,(anonymous_2)
FN:66,(anonymous_3)
FN:73,(anonymous_4)
FN:78,(anonymous_5)
FN:79,(anonymous_6)
FN:82,(anonymous_7)
FN:85,(anonymous_8)
FN:110,(anonymous_9)
FN:115,(anonymous_10)
FN:118,(anonymous_11)
FNF:12
FNH:12
FNDA:51,(anonymous_0)
FNDA:4,(anonymous_1)
FNDA:3,(anonymous_2)
FNDA:2,(anonymous_3)
FNDA:3,(anonymous_4)
FNDA:2,(anonymous_5)
FNDA:1,(anonymous_6)
FNDA:1,(anonymous_7)
FNDA:3,(anonymous_8)
FNDA:1,(anonymous_9)
FNDA:1,(anonymous_10)
FNDA:1,(anonymous_11)
DA:1,3
DA:10,51
DA:50,4
DA:51,4
DA:53,4
DA:61,3
DA:62,1
DA:64,2
DA:67,2
DA:68,1
DA:70,1
DA:74,3
DA:75,3
DA:79,2
DA:80,1
DA:82,2
DA:83,1
DA:85,2
DA:89,3
DA:90,1
DA:91,1
DA:92,1
DA:93,1
DA:107,2
DA:110,1
DA:112,2
DA:115,1
DA:118,2
DA:119,1
LF:29
LH:29
BRDA:61,0,0,1
BRDA:61,0,1,2
BRDA:67,1,0,1
BRDA:67,1,1,1
BRDA:67,2,0,2
BRDA:67,2,1,2
BRDA:89,3,0,1
BRDA:89,3,1,2
BRDA:89,4,0,3
BRDA:89,4,1,3
BRDA:89,4,2,2
BRF:11
BRH:11
end_of_record
TN:
SF:src\components\Sidebar.tsx
FN:18,(anonymous_1)
FN:32,handleKeyDown
FN:39,(anonymous_3)
FN:41,(anonymous_4)
FN:48,(anonymous_5)
FN:60,handleLogout
FN:71,(anonymous_7)
FN:75,getSidebarPreview
FN:133,(anonymous_9)
FN:135,(anonymous_10)
FN:176,(anonymous_11)
FNF:11
FNH:11
FNDA:43,(anonymous_1)
FNDA:3,handleKeyDown
FNDA:20,(anonymous_3)
FNDA:1,(anonymous_4)
FNDA:3,(anonymous_5)
FNDA:2,handleLogout
FNDA:1,(anonymous_7)
FNDA:31,getSidebarPreview
FNDA:31,(anonymous_9)
FNDA:2,(anonymous_10)
FNDA:1,(anonymous_11)
DA:1,2
DA:2,2
DA:3,2
DA:4,2
DA:5,2
DA:6,2
DA:8,2
DA:18,2
DA:25,43
DA:26,43
DA:28,43
DA:29,43
DA:30,43
DA:39,43
DA:40,20
DA:42,1
DA:45,20
DA:46,17
DA:48,3
DA:49,3
DA:52,3
DA:54,3
DA:55,2
DA:61,2
DA:62,2
DA:63,1
DA:64,1
DA:65,1
DA:67,1
DA:71,43
DA:72,1
DA:76,31
DA:80,31
DA:83,43
DA:134,31
DA:135,2
DA:176,1
DA:204,2
LF:38
LH:38
BRDA:45,0,0,17
BRDA:45,0,1,3
BRDA:54,1,0,2
BRDA:54,1,1,1
BRDA:62,2,0,1
BRDA:62,2,1,1
BRDA:120,3,0,43
BRDA:120,3,1,31
BRDA:132,4,0,29
BRDA:132,4,1,14
BRDA:139,5,0,29
BRDA:139,5,1,2
BRDA:139,6,0,31
BRDA:139,6,1,31
BRDA:171,7,0,31
BRDA:171,7,1,2
BRF:16
BRH:16
end_of_record
TN:
SF:src\editor\NoteEditor.tsx
FN:17,(anonymous_0)
FN:34,(anonymous_1)
FN:61,(anonymous_2)
FN:69,(anonymous_3)
FN:74,(anonymous_4)
FN:77,(anonymous_5)
FN:113,(anonymous_6)
FN:121,(anonymous_7)
FN:126,(anonymous_8)
FN:131,(anonymous_9)
FN:135,(anonymous_10)
FN:151,(anonymous_11)
FN:170,(anonymous_12)
FNF:13
FNH:13
FNDA:45,(anonymous_0)
FNDA:19,(anonymous_1)
FNDA:6,(anonymous_2)
FNDA:3,(anonymous_3)
FNDA:6,(anonymous_4)
FNDA:3,(anonymous_5)
FNDA:2,(anonymous_6)
FNDA:27,(anonymous_7)
FNDA:27,(anonymous_8)
FNDA:15,(anonymous_9)
FNDA:30,(anonymous_10)
FNDA:15,(anonymous_11)
FNDA:5,(anonymous_12)
DA:1,2
DA:2,2
DA:3,2
DA:4,2
DA:7,2
DA:9,2
DA:17,2
DA:22,45
DA:23,45
DA:24,45
DA:25,45
DA:27,45
DA:28,45
DA:29,45
DA:30,45
DA:32,45
DA:34,45
DA:35,19
DA:36,19
DA:38,19
DA:39,1
DA:40,1
DA:43,19
DA:44,19
DA:45,19
DA:46,19
DA:47,17
DA:49,17
DA:50,15
DA:53,17
DA:54,17
DA:55,17
DA:57,2
DA:61,45
DA:62,6
DA:69,45
DA:70,3
DA:71,3
DA:74,45
DA:75,6
DA:77,6
DA:78,3
DA:80,3
DA:85,3
DA:86,3
DA:89,3
DA:93,3
DA:95,3
DA:101,3
DA:102,3
DA:104,3
DA:111,3
DA:112,2
DA:113,2
DA:115,1
DA:121,45
DA:122,27
DA:123,6
DA:126,27
DA:127,27
DA:131,45
DA:132,15
DA:133,15
DA:135,15
DA:136,30
DA:142,15
DA:143,15
DA:145,15
DA:146,0
DA:147,0
DA:151,45
DA:152,15
DA:154,15
DA:155,15
DA:156,15
DA:159,45
DA:161,45
DA:171,5
DA:172,5
DA:226,2
LF:80
LH:78
BRDA:27,0,0,45
BRDA:27,0,1,2
BRDA:28,1,0,45
BRDA:28,1,1,5
BRDA:32,2,0,45
BRDA:32,2,1,0
BRDA:38,3,0,1
BRDA:38,3,1,18
BRDA:43,4,0,19
BRDA:43,4,1,1
BRDA:44,5,0,19
BRDA:44,5,1,2
BRDA:46,6,0,17
BRDA:46,6,1,2
BRDA:47,7,0,17
BRDA:47,7,1,2
BRDA:49,8,0,15
BRDA:49,8,1,2
BRDA:57,9,0,2
BRDA:57,9,1,0
BRDA:71,10,0,0
BRDA:71,10,1,3
BRDA:75,11,0,0
BRDA:75,11,1,6
BRDA:78,12,0,3
BRDA:78,12,1,0
BRDA:86,13,0,3
BRDA:86,13,1,0
BRDA:89,14,0,3
BRDA:89,14,1,0
BRDA:89,15,0,3
BRDA:89,15,1,0
BRDA:93,16,0,3
BRDA:93,16,1,0
BRDA:95,17,0,3
BRDA:95,17,1,0
BRDA:95,18,0,3
BRDA:95,18,1,3
BRDA:122,19,0,6
BRDA:122,19,1,21
BRDA:127,20,0,7
BRDA:127,20,1,20
BRDA:145,21,0,0
BRDA:145,21,1,15
BRDA:145,22,0,15
BRDA:145,22,1,15
BRDA:154,23,0,15
BRDA:154,23,1,2
BRDA:191,24,0,2
BRDA:191,24,1,43
BRDA:206,25,0,45
BRDA:206,25,1,0
BRF:52
BRH:40
end_of_record
TN:
SF:src\hooks\useNoteHandlers.ts
FN:11,(anonymous_0)
FN:19,(anonymous_1)
FN:27,(anonymous_2)
FN:33,(anonymous_3)
FN:35,(anonymous_4)
FN:42,(anonymous_5)
FN:54,(anonymous_6)
FN:57,(anonymous_7)
FN:65,(anonymous_8)
FN:88,(anonymous_9)
FN:93,(anonymous_10)
FN:106,(anonymous_11)
FN:107,(anonymous_12)
FNF:13
FNH:13
FNDA:31,(anonymous_0)
FNDA:15,(anonymous_1)
FNDA:16,(anonymous_2)
FNDA:7,(anonymous_3)
FNDA:2,(anonymous_4)
FNDA:1,(anonymous_5)
FNDA:2,(anonymous_6)
FNDA:1,(anonymous_7)
FNDA:3,(anonymous_8)
FNDA:4,(anonymous_9)
FNDA:2,(anonymous_10)
FNDA:2,(anonymous_11)
FNDA:1,(anonymous_12)
DA:1,1
DA:2,1
DA:3,1
DA:4,1
DA:5,1
DA:6,1
DA:11,1
DA:12,31
DA:13,31
DA:14,31
DA:15,31
DA:16,31
DA:17,31
DA:19,31
DA:20,15
DA:21,15
DA:22,15
DA:23,15
DA:27,31
DA:28,16
DA:29,11
DA:30,11
DA:33,7
DA:34,5
DA:36,2
DA:39,5
DA:40,4
DA:42,1
DA:43,1
DA:44,0
DA:45,1
DA:49,1
DA:54,31
DA:55,2
DA:56,2
DA:58,1
DA:59,1
DA:65,31
DA:66,3
DA:67,1
DA:70,2
DA:71,1
DA:80,1
DA:88,31
DA:89,4
DA:90,4
DA:93,31
DA:94,2
DA:102,2
DA:103,2
DA:106,31
DA:107,31
DA:109,31
LF:53
LH:52
BRDA:12,0,0,0
BRDA:21,1,0,15
BRDA:21,1,1,0
BRDA:28,2,0,11
BRDA:28,2,1,5
BRDA:28,3,0,16
BRDA:28,3,1,16
BRDA:33,4,0,7
BRDA:33,4,1,7
BRDA:39,5,0,4
BRDA:39,5,1,1
BRDA:39,6,0,5
BRDA:39,6,1,1
BRDA:40,7,0,4
BRDA:40,7,1,0
BRDA:43,8,0,0
BRDA:43,8,1,1
BRDA:44,9,0,0
BRDA:44,9,1,0
BRDA:45,10,0,1
BRDA:45,10,1,0
BRDA:46,11,0,1
BRDA:46,11,1,0
BRDA:55,12,0,2
BRDA:55,12,1,0
BRDA:59,13,0,1
BRDA:59,13,1,0
BRDA:66,14,0,1
BRDA:66,14,1,2
BRDA:66,15,0,3
BRDA:66,15,1,1
BRDA:70,16,0,1
BRDA:70,16,1,1
BRDA:90,17,0,1
BRDA:90,17,1,3
BRDA:103,18,0,1
BRDA:103,18,1,1
BRDA:110,19,0,31
BRDA:110,19,1,0
BRF:39
BRH:28
end_of_record
TN:
SF:src\pages\NoteLayout.tsx
FN:8,(anonymous_1)
FNF:1
FNH:1
FNDA:5,(anonymous_1)
DA:2,1
DA:3,1
DA:4,1
DA:5,1
DA:6,1
DA:8,1
DA:9,5
DA:21,5
DA:23,5
DA:95,1
LF:10
LH:10
BRDA:25,0,0,5
BRDA:25,0,1,2
BRDA:37,1,0,2
BRDA:37,1,1,3
BRDA:50,2,0,5
BRDA:50,2,1,2
BRDA:63,3,0,3
BRDA:63,3,1,2
BRDA:66,4,0,2
BRDA:66,4,1,3
BRDA:71,5,0,2
BRDA:71,5,1,1
BRF:12
BRH:12
end_of_record
TN:
SF:src\pages\NotePDFExporter.tsx
FN:9,(anonymous_0)
FN:15,(anonymous_1)
FN:76,(anonymous_2)
FN:80,(anonymous_3)
FN:82,(anonymous_4)
FN:92,(anonymous_5)
FN:104,(anonymous_6)
FN:122,(anonymous_7)
FN:134,(anonymous_8)
FN:136,(anonymous_9)
FN:146,(anonymous_10)
FN:155,(anonymous_11)
FNF:12
FNH:11
FNDA:60,(anonymous_0)
FNDA:6,(anonymous_1)
FNDA:5,(anonymous_2)
FNDA:4,(anonymous_3)
FNDA:4,(anonymous_4)
FNDA:5,(anonymous_5)
FNDA:2,(anonymous_6)
FNDA:0,(anonymous_7)
FNDA:11,(anonymous_8)
FNDA:11,(anonymous_9)
FNDA:6,(anonymous_10)
FNDA:5,(anonymous_11)
DA:1,3
DA:2,3
DA:3,3
DA:9,3
DA:13,60
DA:15,60
DA:16,6
DA:17,1
DA:18,1
DA:19,1
DA:22,5
DA:23,5
DA:25,5
DA:26,5
DA:27,5
DA:29,5
DA:30,5
DA:34,5
DA:35,5
DA:36,5
DA:37,5
DA:39,5
DA:41,5
DA:42,5
DA:43,5
DA:45,5
DA:46,5
DA:47,5
DA:48,4
DA:49,4
DA:50,4
DA:52,4
DA:53,1
DA:54,1
DA:57,4
DA:58,4
DA:60,4
DA:61,4
DA:62,4
DA:63,4
DA:64,4
DA:72,5
DA:73,5
DA:76,60
DA:77,5
DA:78,5
DA:79,4
DA:80,4
DA:81,4
DA:82,4
DA:83,4
DA:84,4
DA:87,1
DA:88,1
DA:92,60
DA:93,5
DA:94,4
DA:95,4
DA:96,4
DA:98,4
DA:99,4
DA:100,4
DA:102,4
DA:103,2
DA:104,2
DA:105,2
DA:109,4
DA:114,1
DA:117,1
DA:119,5
DA:122,60
DA:131,60
DA:135,11
DA:136,11
DA:147,6
DA:148,6
DA:156,5
DA:157,5
DA:169,3
LF:79
LH:79
BRDA:16,0,0,1
BRDA:16,0,1,5
BRDA:26,1,0,5
BRDA:26,1,1,2
BRDA:47,2,0,4
BRDA:47,2,1,1
BRDA:52,3,0,1
BRDA:52,3,1,3
BRDA:72,4,0,5
BRDA:72,4,1,2
BRDA:93,5,0,4
BRDA:93,5,1,1
BRDA:98,6,0,4
BRDA:98,6,1,1
BRDA:98,6,2,1
BRDA:100,7,0,4
BRDA:100,7,1,2
BRDA:102,8,0,2
BRDA:102,8,1,2
BRDA:110,9,0,4
BRDA:110,9,1,2
BRDA:143,10,0,60
BRDA:143,10,1,11
BRF:23
BRH:23
end_of_record
